The system is: Linux - 3.10.0-1127.19.1.el7.x86_64 - x86_64
Compiling the Fortran compiler identification source file "CMakeFortranCompilerId.F" succeeded.
Compiler: /opt/apps/mpi/gcc/openmpi/4.1.2-numa-ucx-1.10.1--gcc-8.2.0/bin/mpif90 
Build flags: -fno-range-check
Id flags: -v 

The output was:
0
Driving: /opt/gridware/depots/8e896c5a/el7/pkg/compilers/gcc/8.2.0/bin/gfortran -fno-range-check -v CMakeFortranCompilerId.F -I/opt/apps/mpi/gcc/openmpi/4.1.2-numa-ucx-1.10.1--gcc-8.2.0/include -pthread -I/opt/apps/mpi/gcc/openmpi/4.1.2-numa-ucx-1.10.1--gcc-8.2.0/lib -L/opt/apps/mpi/gcc/openmpi/4.1.2-numa-ucx-1.10.1--gcc-8.2.0/lib -Wl,-rpath -Wl,/opt/apps/mpi/gcc/openmpi/4.1.2-numa-ucx-1.10.1--gcc-8.2.0/lib -Wl,--enable-new-dtags -lmpi_usempif08 -lmpi_usempi_ignore_tkr -lmpi_mpifh -lmpi -l gfortran -l m -shared-libgcc
Using built-in specs.
COLLECT_GCC=/opt/gridware/depots/8e896c5a/el7/pkg/compilers/gcc/8.2.0/bin/gfortran
COLLECT_LTO_WRAPPER=/opt/gridware/depots/8e896c5a/el7/pkg/compilers/gcc/8.2.0/libexec/gcc/x86_64-pc-linux-gnu/8.2.0/lto-wrapper
Target: x86_64-pc-linux-gnu
Configured with: ../configure --prefix=/opt/gridware/depots/8e896c5a/el7/pkg/compilers/gcc/8.2.0 --enable-shared --with-system-zlib --enable-threads=posix --enable-checking=release --enable-plugin --enable-multilib --enable-languages=c,c++,objc,obj-c++,fortran,go
Thread model: posix
gcc version 8.2.0 (GCC) 
COLLECT_GCC_OPTIONS='-fno-range-check' '-v' '-I' '/opt/apps/mpi/gcc/openmpi/4.1.2-numa-ucx-1.10.1--gcc-8.2.0/include' '-pthread' '-I' '/opt/apps/mpi/gcc/openmpi/4.1.2-numa-ucx-1.10.1--gcc-8.2.0/lib' '-L/opt/apps/mpi/gcc/openmpi/4.1.2-numa-ucx-1.10.1--gcc-8.2.0/lib' '-shared-libgcc' '-mtune=generic' '-march=x86-64'
 /opt/gridware/depots/8e896c5a/el7/pkg/compilers/gcc/8.2.0/libexec/gcc/x86_64-pc-linux-gnu/8.2.0/f951 CMakeFortranCompilerId.F -ffixed-form -cpp=/tmp/ccYKLlni.f90 -quiet -v -I /opt/apps/mpi/gcc/openmpi/4.1.2-numa-ucx-1.10.1--gcc-8.2.0/include -I /opt/apps/mpi/gcc/openmpi/4.1.2-numa-ucx-1.10.1--gcc-8.2.0/lib -D_REENTRANT CMakeFortranCompilerId.F -quiet -dumpbase CMakeFortranCompilerId.F -mtune=generic -march=x86-64 -auxbase CMakeFortranCompilerId -version -fno-range-check -fintrinsic-modules-path /opt/gridware/depots/8e896c5a/el7/pkg/compilers/gcc/8.2.0/lib/gcc/x86_64-pc-linux-gnu/8.2.0/finclude -o /tmp/cc2hzy91.s
GNU Fortran (GCC) version 8.2.0 (x86_64-pc-linux-gnu)
	compiled by GNU C version 8.2.0, GMP version 6.0.0, MPFR version 3.1.1, MPC version 1.0.1, isl version none
GGC heuristics: --param ggc-min-expand=100 --param ggc-min-heapsize=131072
ignoring nonexistent directory "/opt/gridware/depots/8e896c5a/el7/pkg/compilers/gcc/8.2.0/lib/gcc/x86_64-pc-linux-gnu/8.2.0/../../../../x86_64-pc-linux-gnu/include"
ignoring nonexistent directory "/mnt/iusers01/fatpou01/sees01/a16404ys/privatemodules_packages/csf3/apps/gcc/esmf/8.6/include"
ignoring duplicate directory "/opt/apps/libs/ucx/1.10.1/include"
  as it is a non-system directory that duplicates a system directory
#include "..." search starts here:
#include <...> search starts here:
 /opt/apps/mpi/gcc/openmpi/4.1.2-numa-ucx-1.10.1--gcc-8.2.0/include
 /opt/apps/mpi/gcc/openmpi/4.1.2-numa-ucx-1.10.1--gcc-8.2.0/lib
 /opt/gridware/depots/8e896c5a/el7/pkg/compilers/gcc/8.2.0/lib/gcc/x86_64-pc-linux-gnu/8.2.0/finclude
 /mnt/iusers01/fatpou01/sees01/a16404ys/privatemodules_packages/csf3/apps/gcc/pio2/2.6.2/include
 /mnt/iusers01/fatpou01/sees01/a16404ys/privatemodules_packages/csf3/apps/gcc/netcdf-fortran/4.6.1/include
 /mnt/iusers01/fatpou01/sees01/a16404ys/privatemodules_packages/csf3/apps/gcc/netcdf/4.9.2/include
 /mnt/iusers01/fatpou01/sees01/a16404ys/privatemodules_packages/csf3/apps/gcc/pnetcdf/1.12.3/include
 /mnt/iusers01/fatpou01/sees01/a16404ys/privatemodules_packages/csf3/apps/gcc/hdf5/1.12.3/include
 /mnt/iusers01/fatpou01/sees01/a16404ys/privatemodules_packages/csf3/apps/gcc/zlib/1.2.12/include
 /opt/apps/libs/ucx/1.10.1/include
 /opt/gridware/depots/8e896c5a/el7/pkg/compilers/gcc/8.2.0/lib/gcc/x86_64-pc-linux-gnu/8.2.0/include
 /usr/local/include
 /opt/gridware/depots/8e896c5a/el7/pkg/compilers/gcc/8.2.0/include
 /opt/gridware/depots/8e896c5a/el7/pkg/compilers/gcc/8.2.0/lib/gcc/x86_64-pc-linux-gnu/8.2.0/include-fixed
 /usr/include
End of search list.
GNU Fortran2008 (GCC) version 8.2.0 (x86_64-pc-linux-gnu)
	compiled by GNU C version 8.2.0, GMP version 6.0.0, MPFR version 3.1.1, MPC version 1.0.1, isl version none
GGC heuristics: --param ggc-min-expand=100 --param ggc-min-heapsize=131072
COLLECT_GCC_OPTIONS='-fno-range-check' '-v' '-I' '/opt/apps/mpi/gcc/openmpi/4.1.2-numa-ucx-1.10.1--gcc-8.2.0/include' '-pthread' '-I' '/opt/apps/mpi/gcc/openmpi/4.1.2-numa-ucx-1.10.1--gcc-8.2.0/lib' '-L/opt/apps/mpi/gcc/openmpi/4.1.2-numa-ucx-1.10.1--gcc-8.2.0/lib' '-shared-libgcc' '-mtune=generic' '-march=x86-64'
 as -v -I /opt/apps/mpi/gcc/openmpi/4.1.2-numa-ucx-1.10.1--gcc-8.2.0/include -I /opt/apps/mpi/gcc/openmpi/4.1.2-numa-ucx-1.10.1--gcc-8.2.0/lib --64 -o /tmp/ccsj7gZL.o /tmp/cc2hzy91.s
GNU assembler version 2.27 (x86_64-redhat-linux) using BFD version version 2.27-44.base.el7
Reading specs from /opt/gridware/depots/8e896c5a/el7/pkg/compilers/gcc/8.2.0/lib/gcc/x86_64-pc-linux-gnu/8.2.0/../../../../lib64/libgfortran.spec
rename spec lib to liborig
COLLECT_GCC_OPTIONS='-fno-range-check' '-v' '-I' '/opt/apps/mpi/gcc/openmpi/4.1.2-numa-ucx-1.10.1--gcc-8.2.0/include' '-pthread' '-I' '/opt/apps/mpi/gcc/openmpi/4.1.2-numa-ucx-1.10.1--gcc-8.2.0/lib' '-L/opt/apps/mpi/gcc/openmpi/4.1.2-numa-ucx-1.10.1--gcc-8.2.0/lib' '-shared-libgcc' '-mtune=generic' '-march=x86-64'
COMPILER_PATH=/opt/gridware/depots/8e896c5a/el7/pkg/compilers/gcc/8.2.0/libexec/gcc/x86_64-pc-linux-gnu/8.2.0/:/opt/gridware/depots/8e896c5a/el7/pkg/compilers/gcc/8.2.0/libexec/gcc/x86_64-pc-linux-gnu/8.2.0/:/opt/gridware/depots/8e896c5a/el7/pkg/compilers/gcc/8.2.0/libexec/gcc/x86_64-pc-linux-gnu/:/opt/gridware/depots/8e896c5a/el7/pkg/compilers/gcc/8.2.0/lib/gcc/x86_64-pc-linux-gnu/8.2.0/:/opt/gridware/depots/8e896c5a/el7/pkg/compilers/gcc/8.2.0/lib/gcc/x86_64-pc-linux-gnu/
LIBRARY_PATH=/opt/gridware/depots/8e896c5a/el7/pkg/compilers/gcc/8.2.0/lib/gcc/x86_64-pc-linux-gnu/8.2.0/:/opt/gridware/depots/8e896c5a/el7/pkg/compilers/gcc/8.2.0/lib/gcc/x86_64-pc-linux-gnu/8.2.0/../../../../lib64/:/lib/../lib64/:/usr/lib/../lib64/:/mnt/iusers01/fatpou01/sees01/a16404ys/privatemodules_packages/csf3/apps/gcc/esmf/8.6/lib/:/mnt/iusers01/fatpou01/sees01/a16404ys/privatemodules_packages/csf3/apps/gcc/pio2/2.6.2/lib/:/mnt/iusers01/fatpou01/sees01/a16404ys/privatemodules_packages/csf3/apps/gcc/netcdf-fortran/4.6.1/lib/:/mnt/iusers01/fatpou01/sees01/a16404ys/privatemodules_packages/csf3/apps/gcc/netcdf/4.9.2/lib/:/mnt/iusers01/fatpou01/sees01/a16404ys/privatemodules_packages/csf3/apps/gcc/pnetcdf/1.12.3/lib/:/mnt/iusers01/fatpou01/sees01/a16404ys/privatemodules_packages/csf3/apps/gcc/hdf5/1.12.3/lib/:/mnt/iusers01/fatpou01/sees01/a16404ys/privatemodules_packages/csf3/apps/gcc/zlib/1.2.12/lib/:/opt/apps/libs/ucx/1.10.1/lib/:/opt/gridware/depots/8e896c5a/el7/pkg/compilers/gcc/8.2.0/lib/gcc/x86_64-pc-linux-gnu/8.2.0/../../../:/lib/:/usr/lib/
COLLECT_GCC_OPTIONS='-fno-range-check' '-v' '-I' '/opt/apps/mpi/gcc/openmpi/4.1.2-numa-ucx-1.10.1--gcc-8.2.0/include' '-pthread' '-I' '/opt/apps/mpi/gcc/openmpi/4.1.2-numa-ucx-1.10.1--gcc-8.2.0/lib' '-L/opt/apps/mpi/gcc/openmpi/4.1.2-numa-ucx-1.10.1--gcc-8.2.0/lib' '-shared-libgcc' '-mtune=generic' '-march=x86-64'
 /opt/gridware/depots/8e896c5a/el7/pkg/compilers/gcc/8.2.0/libexec/gcc/x86_64-pc-linux-gnu/8.2.0/collect2 -plugin /opt/gridware/depots/8e896c5a/el7/pkg/compilers/gcc/8.2.0/libexec/gcc/x86_64-pc-linux-gnu/8.2.0/liblto_plugin.so -plugin-opt=/opt/gridware/depots/8e896c5a/el7/pkg/compilers/gcc/8.2.0/libexec/gcc/x86_64-pc-linux-gnu/8.2.0/lto-wrapper -plugin-opt=-fresolution=/tmp/ccYEB4Pv.res -plugin-opt=-pass-through=-lgcc_s -plugin-opt=-pass-through=-lgcc -plugin-opt=-pass-through=-lquadmath -plugin-opt=-pass-through=-lm -plugin-opt=-pass-through=-lgcc_s -plugin-opt=-pass-through=-lgcc -plugin-opt=-pass-through=-lpthread -plugin-opt=-pass-through=-lc -plugin-opt=-pass-through=-lgcc_s -plugin-opt=-pass-through=-lgcc --eh-frame-hdr -m elf_x86_64 -dynamic-linker /lib64/ld-linux-x86-64.so.2 /lib/../lib64/crt1.o /lib/../lib64/crti.o /opt/gridware/depots/8e896c5a/el7/pkg/compilers/gcc/8.2.0/lib/gcc/x86_64-pc-linux-gnu/8.2.0/crtbegin.o -L/opt/apps/mpi/gcc/openmpi/4.1.2-numa-ucx-1.10.1--gcc-8.2.0/lib -L/opt/gridware/depots/8e896c5a/el7/pkg/compilers/gcc/8.2.0/lib/gcc/x86_64-pc-linux-gnu/8.2.0 -L/opt/gridware/depots/8e896c5a/el7/pkg/compilers/gcc/8.2.0/lib/gcc/x86_64-pc-linux-gnu/8.2.0/../../../../lib64 -L/lib/../lib64 -L/usr/lib/../lib64 -L/mnt/iusers01/fatpou01/sees01/a16404ys/privatemodules_packages/csf3/apps/gcc/esmf/8.6/lib -L/mnt/iusers01/fatpou01/sees01/a16404ys/privatemodules_packages/csf3/apps/gcc/pio2/2.6.2/lib -L/mnt/iusers01/fatpou01/sees01/a16404ys/privatemodules_packages/csf3/apps/gcc/netcdf-fortran/4.6.1/lib -L/mnt/iusers01/fatpou01/sees01/a16404ys/privatemodules_packages/csf3/apps/gcc/netcdf/4.9.2/lib -L/mnt/iusers01/fatpou01/sees01/a16404ys/privatemodules_packages/csf3/apps/gcc/pnetcdf/1.12.3/lib -L/mnt/iusers01/fatpou01/sees01/a16404ys/privatemodules_packages/csf3/apps/gcc/hdf5/1.12.3/lib -L/mnt/iusers01/fatpou01/sees01/a16404ys/privatemodules_packages/csf3/apps/gcc/zlib/1.2.12/lib -L/opt/apps/libs/ucx/1.10.1/lib -L/opt/gridware/depots/8e896c5a/el7/pkg/compilers/gcc/8.2.0/lib/gcc/x86_64-pc-linux-gnu/8.2.0/../../.. /tmp/ccsj7gZL.o -rpath /opt/apps/mpi/gcc/openmpi/4.1.2-numa-ucx-1.10.1--gcc-8.2.0/lib --enable-new-dtags -lmpi_usempif08 -lmpi_usempi_ignore_tkr -lmpi_mpifh -lmpi -lgfortran -lm -lgcc_s -lgcc -lquadmath -lm -lgcc_s -lgcc -lpthread -lc -lgcc_s -lgcc /opt/gridware/depots/8e896c5a/el7/pkg/compilers/gcc/8.2.0/lib/gcc/x86_64-pc-linux-gnu/8.2.0/crtend.o /lib/../lib64/crtn.o
COLLECT_GCC_OPTIONS='-fno-range-check' '-v' '-I' '/opt/apps/mpi/gcc/openmpi/4.1.2-numa-ucx-1.10.1--gcc-8.2.0/include' '-pthread' '-I' '/opt/apps/mpi/gcc/openmpi/4.1.2-numa-ucx-1.10.1--gcc-8.2.0/lib' '-L/opt/apps/mpi/gcc/openmpi/4.1.2-numa-ucx-1.10.1--gcc-8.2.0/lib' '-shared-libgcc' '-mtune=generic' '-march=x86-64'


Compilation of the Fortran compiler identification source "CMakeFortranCompilerId.F" produced "a.out"

The Fortran compiler identification is GNU, found in "/mnt/iusers01/fatpou01/sees01/a16404ys/CESM/my_cesm_sandbox_ctsm5.2/tools/mksurfdata_esmf/tool_bld/CMakeFiles/3.25.1/CompilerIdFortran/a.out"

Detecting Fortran compiler ABI info compiled with the following output:
Change Dir: /mnt/iusers01/fatpou01/sees01/a16404ys/CESM/my_cesm_sandbox_ctsm5.2/tools/mksurfdata_esmf/tool_bld/CMakeFiles/CMakeScratch/TryCompile-JGHibs

Run Build Command(s):/usr/bin/gmake -f Makefile cmTC_2db69/fast && /usr/bin/gmake  -f CMakeFiles/cmTC_2db69.dir/build.make CMakeFiles/cmTC_2db69.dir/build
gmake[1]: Entering directory `/mnt/iusers01/fatpou01/sees01/a16404ys/CESM/my_cesm_sandbox_ctsm5.2/tools/mksurfdata_esmf/tool_bld/CMakeFiles/CMakeScratch/TryCompile-JGHibs'
Building Fortran object CMakeFiles/cmTC_2db69.dir/CMakeFortranCompilerABI.F90.o
/opt/apps/mpi/gcc/openmpi/4.1.2-numa-ucx-1.10.1--gcc-8.2.0/bin/mpif90   -fno-range-check    -v -c /opt/apps/tools/gcc/cmake/3.25.1/share/cmake-3.25/Modules/CMakeFortranCompilerABI.F90 -o CMakeFiles/cmTC_2db69.dir/CMakeFortranCompilerABI.F90.o
Using built-in specs.
COLLECT_GCC=/opt/gridware/depots/8e896c5a/el7/pkg/compilers/gcc/8.2.0/bin/gfortran
Target: x86_64-pc-linux-gnu
Configured with: ../configure --prefix=/opt/gridware/depots/8e896c5a/el7/pkg/compilers/gcc/8.2.0 --enable-shared --with-system-zlib --enable-threads=posix --enable-checking=release --enable-plugin --enable-multilib --enable-languages=c,c++,objc,obj-c++,fortran,go
Thread model: posix
gcc version 8.2.0 (GCC) 
COLLECT_GCC_OPTIONS='-fno-range-check' '-v' '-c' '-o' 'CMakeFiles/cmTC_2db69.dir/CMakeFortranCompilerABI.F90.o' '-I' '/opt/apps/mpi/gcc/openmpi/4.1.2-numa-ucx-1.10.1--gcc-8.2.0/include' '-pthread' '-I' '/opt/apps/mpi/gcc/openmpi/4.1.2-numa-ucx-1.10.1--gcc-8.2.0/lib' '-mtune=generic' '-march=x86-64'
 /opt/gridware/depots/8e896c5a/el7/pkg/compilers/gcc/8.2.0/libexec/gcc/x86_64-pc-linux-gnu/8.2.0/f951 /opt/apps/tools/gcc/cmake/3.25.1/share/cmake-3.25/Modules/CMakeFortranCompilerABI.F90 -cpp=/tmp/ccpuUT1G.f90 -quiet -v -I /opt/apps/mpi/gcc/openmpi/4.1.2-numa-ucx-1.10.1--gcc-8.2.0/include -I /opt/apps/mpi/gcc/openmpi/4.1.2-numa-ucx-1.10.1--gcc-8.2.0/lib -D_REENTRANT /opt/apps/tools/gcc/cmake/3.25.1/share/cmake-3.25/Modules/CMakeFortranCompilerABI.F90 -quiet -dumpbase CMakeFortranCompilerABI.F90 -mtune=generic -march=x86-64 -auxbase-strip CMakeFiles/cmTC_2db69.dir/CMakeFortranCompilerABI.F90.o -version -fno-range-check -fintrinsic-modules-path /opt/gridware/depots/8e896c5a/el7/pkg/compilers/gcc/8.2.0/lib/gcc/x86_64-pc-linux-gnu/8.2.0/finclude -o /tmp/cc6OEZLr.s
GNU Fortran (GCC) version 8.2.0 (x86_64-pc-linux-gnu)
	compiled by GNU C version 8.2.0, GMP version 6.0.0, MPFR version 3.1.1, MPC version 1.0.1, isl version none
GGC heuristics: --param ggc-min-expand=100 --param ggc-min-heapsize=131072
ignoring nonexistent directory "/opt/gridware/depots/8e896c5a/el7/pkg/compilers/gcc/8.2.0/lib/gcc/x86_64-pc-linux-gnu/8.2.0/../../../../x86_64-pc-linux-gnu/include"
ignoring nonexistent directory "/mnt/iusers01/fatpou01/sees01/a16404ys/privatemodules_packages/csf3/apps/gcc/esmf/8.6/include"
ignoring duplicate directory "/opt/apps/libs/ucx/1.10.1/include"
  as it is a non-system directory that duplicates a system directory
#include "..." search starts here:
#include <...> search starts here:
 /opt/apps/mpi/gcc/openmpi/4.1.2-numa-ucx-1.10.1--gcc-8.2.0/include
 /opt/apps/mpi/gcc/openmpi/4.1.2-numa-ucx-1.10.1--gcc-8.2.0/lib
 /opt/gridware/depots/8e896c5a/el7/pkg/compilers/gcc/8.2.0/lib/gcc/x86_64-pc-linux-gnu/8.2.0/finclude
 /mnt/iusers01/fatpou01/sees01/a16404ys/privatemodules_packages/csf3/apps/gcc/pio2/2.6.2/include
 /mnt/iusers01/fatpou01/sees01/a16404ys/privatemodules_packages/csf3/apps/gcc/netcdf-fortran/4.6.1/include
 /mnt/iusers01/fatpou01/sees01/a16404ys/privatemodules_packages/csf3/apps/gcc/netcdf/4.9.2/include
 /mnt/iusers01/fatpou01/sees01/a16404ys/privatemodules_packages/csf3/apps/gcc/pnetcdf/1.12.3/include
 /mnt/iusers01/fatpou01/sees01/a16404ys/privatemodules_packages/csf3/apps/gcc/hdf5/1.12.3/include
 /mnt/iusers01/fatpou01/sees01/a16404ys/privatemodules_packages/csf3/apps/gcc/zlib/1.2.12/include
 /opt/apps/libs/ucx/1.10.1/include
 /opt/gridware/depots/8e896c5a/el7/pkg/compilers/gcc/8.2.0/lib/gcc/x86_64-pc-linux-gnu/8.2.0/include
 /usr/local/include
 /opt/gridware/depots/8e896c5a/el7/pkg/compilers/gcc/8.2.0/include
 /opt/gridware/depots/8e896c5a/el7/pkg/compilers/gcc/8.2.0/lib/gcc/x86_64-pc-linux-gnu/8.2.0/include-fixed
 /usr/include
End of search list.
GNU Fortran2008 (GCC) version 8.2.0 (x86_64-pc-linux-gnu)
	compiled by GNU C version 8.2.0, GMP version 6.0.0, MPFR version 3.1.1, MPC version 1.0.1, isl version none
GGC heuristics: --param ggc-min-expand=100 --param ggc-min-heapsize=131072
COLLECT_GCC_OPTIONS='-fno-range-check' '-v' '-c' '-o' 'CMakeFiles/cmTC_2db69.dir/CMakeFortranCompilerABI.F90.o' '-I' '/opt/apps/mpi/gcc/openmpi/4.1.2-numa-ucx-1.10.1--gcc-8.2.0/include' '-pthread' '-I' '/opt/apps/mpi/gcc/openmpi/4.1.2-numa-ucx-1.10.1--gcc-8.2.0/lib' '-mtune=generic' '-march=x86-64'
 as -v -I /opt/apps/mpi/gcc/openmpi/4.1.2-numa-ucx-1.10.1--gcc-8.2.0/include -I /opt/apps/mpi/gcc/openmpi/4.1.2-numa-ucx-1.10.1--gcc-8.2.0/lib --64 -o CMakeFiles/cmTC_2db69.dir/CMakeFortranCompilerABI.F90.o /tmp/cc6OEZLr.s
GNU assembler version 2.27 (x86_64-redhat-linux) using BFD version version 2.27-44.base.el7
COMPILER_PATH=/opt/gridware/depots/8e896c5a/el7/pkg/compilers/gcc/8.2.0/libexec/gcc/x86_64-pc-linux-gnu/8.2.0/:/opt/gridware/depots/8e896c5a/el7/pkg/compilers/gcc/8.2.0/libexec/gcc/x86_64-pc-linux-gnu/8.2.0/:/opt/gridware/depots/8e896c5a/el7/pkg/compilers/gcc/8.2.0/libexec/gcc/x86_64-pc-linux-gnu/:/opt/gridware/depots/8e896c5a/el7/pkg/compilers/gcc/8.2.0/lib/gcc/x86_64-pc-linux-gnu/8.2.0/:/opt/gridware/depots/8e896c5a/el7/pkg/compilers/gcc/8.2.0/lib/gcc/x86_64-pc-linux-gnu/
LIBRARY_PATH=/opt/gridware/depots/8e896c5a/el7/pkg/compilers/gcc/8.2.0/lib/gcc/x86_64-pc-linux-gnu/8.2.0/:/opt/gridware/depots/8e896c5a/el7/pkg/compilers/gcc/8.2.0/lib/gcc/x86_64-pc-linux-gnu/8.2.0/../../../../lib64/:/lib/../lib64/:/usr/lib/../lib64/:/mnt/iusers01/fatpou01/sees01/a16404ys/privatemodules_packages/csf3/apps/gcc/esmf/8.6/lib/:/mnt/iusers01/fatpou01/sees01/a16404ys/privatemodules_packages/csf3/apps/gcc/pio2/2.6.2/lib/:/mnt/iusers01/fatpou01/sees01/a16404ys/privatemodules_packages/csf3/apps/gcc/netcdf-fortran/4.6.1/lib/:/mnt/iusers01/fatpou01/sees01/a16404ys/privatemodules_packages/csf3/apps/gcc/netcdf/4.9.2/lib/:/mnt/iusers01/fatpou01/sees01/a16404ys/privatemodules_packages/csf3/apps/gcc/pnetcdf/1.12.3/lib/:/mnt/iusers01/fatpou01/sees01/a16404ys/privatemodules_packages/csf3/apps/gcc/hdf5/1.12.3/lib/:/mnt/iusers01/fatpou01/sees01/a16404ys/privatemodules_packages/csf3/apps/gcc/zlib/1.2.12/lib/:/opt/apps/libs/ucx/1.10.1/lib/:/opt/gridware/depots/8e896c5a/el7/pkg/compilers/gcc/8.2.0/lib/gcc/x86_64-pc-linux-gnu/8.2.0/../../../:/lib/:/usr/lib/
COLLECT_GCC_OPTIONS='-fno-range-check' '-v' '-c' '-o' 'CMakeFiles/cmTC_2db69.dir/CMakeFortranCompilerABI.F90.o' '-I' '/opt/apps/mpi/gcc/openmpi/4.1.2-numa-ucx-1.10.1--gcc-8.2.0/include' '-pthread' '-I' '/opt/apps/mpi/gcc/openmpi/4.1.2-numa-ucx-1.10.1--gcc-8.2.0/lib' '-mtune=generic' '-march=x86-64'
Linking Fortran executable cmTC_2db69
/opt/apps/tools/gcc/cmake/3.25.1/bin/cmake -E cmake_link_script CMakeFiles/cmTC_2db69.dir/link.txt --verbose=1
/opt/apps/mpi/gcc/openmpi/4.1.2-numa-ucx-1.10.1--gcc-8.2.0/bin/mpif90 -L/opt/gridware/depots/8e896c5a/el7/pkg/libs/lapack/3.5.0/gcc-4.8.5/lib -L/opt/gridware/depots/8e896c5a/el7/pkg/libs/blas/3.6.0/gcc-4.8.5 -L/opt/gridware/depots/8e896c5a/el7/pkg/compilers/gcc/8.2.0/lib64 -L/opt/gridware/depots/8e896c5a/el7/pkg/compilers/gcc/8.2.0/lib -L/opt/apps/mpi/gcc/openmpi/4.1.2-numa-ucx-1.10.1--gcc-8.2.0/lib -L/mnt/iusers01/fatpou01/sees01/a16404ys/privatemodules_packages/csf3/apps/gcc/zlib/1.2.12/lib -L/mnt/iusers01/fatpou01/sees01/a16404ys/privatemodules_packages/csf3/apps/gcc/hdf5/1.12.3/lib -L/mnt/iusers01/fatpou01/sees01/a16404ys/privatemodules_packages/csf3/apps/gcc/pnetcdf/1.12.3/lib -L/mnt/iusers01/fatpou01/sees01/a16404ys/privatemodules_packages/csf3/apps/gcc/netcdf/4.9.2/lib -L/mnt/iusers01/fatpou01/sees01/a16404ys/privatemodules_packages/csf3/apps/gcc/netcdf-fortran/4.6.1/lib -v -fno-range-check  CMakeFiles/cmTC_2db69.dir/CMakeFortranCompilerABI.F90.o -o cmTC_2db69 
Driving: /opt/gridware/depots/8e896c5a/el7/pkg/compilers/gcc/8.2.0/bin/gfortran -L/opt/gridware/depots/8e896c5a/el7/pkg/libs/lapack/3.5.0/gcc-4.8.5/lib -L/opt/gridware/depots/8e896c5a/el7/pkg/libs/blas/3.6.0/gcc-4.8.5 -L/opt/gridware/depots/8e896c5a/el7/pkg/compilers/gcc/8.2.0/lib64 -L/opt/gridware/depots/8e896c5a/el7/pkg/compilers/gcc/8.2.0/lib -L/opt/apps/mpi/gcc/openmpi/4.1.2-numa-ucx-1.10.1--gcc-8.2.0/lib -L/mnt/iusers01/fatpou01/sees01/a16404ys/privatemodules_packages/csf3/apps/gcc/zlib/1.2.12/lib -L/mnt/iusers01/fatpou01/sees01/a16404ys/privatemodules_packages/csf3/apps/gcc/hdf5/1.12.3/lib -L/mnt/iusers01/fatpou01/sees01/a16404ys/privatemodules_packages/csf3/apps/gcc/pnetcdf/1.12.3/lib -L/mnt/iusers01/fatpou01/sees01/a16404ys/privatemodules_packages/csf3/apps/gcc/netcdf/4.9.2/lib -L/mnt/iusers01/fatpou01/sees01/a16404ys/privatemodules_packages/csf3/apps/gcc/netcdf-fortran/4.6.1/lib -v -fno-range-check CMakeFiles/cmTC_2db69.dir/CMakeFortranCompilerABI.F90.o -o cmTC_2db69 -I/opt/apps/mpi/gcc/openmpi/4.1.2-numa-ucx-1.10.1--gcc-8.2.0/include -pthread -I/opt/apps/mpi/gcc/openmpi/4.1.2-numa-ucx-1.10.1--gcc-8.2.0/lib -L/opt/apps/mpi/gcc/openmpi/4.1.2-numa-ucx-1.10.1--gcc-8.2.0/lib -Wl,-rpath -Wl,/opt/apps/mpi/gcc/openmpi/4.1.2-numa-ucx-1.10.1--gcc-8.2.0/lib -Wl,--enable-new-dtags -lmpi_usempif08 -lmpi_usempi_ignore_tkr -lmpi_mpifh -lmpi -l gfortran -l m -shared-libgcc
Using built-in specs.
COLLECT_GCC=/opt/gridware/depots/8e896c5a/el7/pkg/compilers/gcc/8.2.0/bin/gfortran
COLLECT_LTO_WRAPPER=/opt/gridware/depots/8e896c5a/el7/pkg/compilers/gcc/8.2.0/libexec/gcc/x86_64-pc-linux-gnu/8.2.0/lto-wrapper
Target: x86_64-pc-linux-gnu
Configured with: ../configure --prefix=/opt/gridware/depots/8e896c5a/el7/pkg/compilers/gcc/8.2.0 --enable-shared --with-system-zlib --enable-threads=posix --enable-checking=release --enable-plugin --enable-multilib --enable-languages=c,c++,objc,obj-c++,fortran,go
Thread model: posix
gcc version 8.2.0 (GCC) 
Reading specs from /opt/gridware/depots/8e896c5a/el7/pkg/compilers/gcc/8.2.0/lib/gcc/x86_64-pc-linux-gnu/8.2.0/../../../../lib64/libgfortran.spec
rename spec lib to liborig
COLLECT_GCC_OPTIONS='-L/opt/gridware/depots/8e896c5a/el7/pkg/libs/lapack/3.5.0/gcc-4.8.5/lib' '-L/opt/gridware/depots/8e896c5a/el7/pkg/libs/blas/3.6.0/gcc-4.8.5' '-L/opt/gridware/depots/8e896c5a/el7/pkg/compilers/gcc/8.2.0/lib64' '-L/opt/gridware/depots/8e896c5a/el7/pkg/compilers/gcc/8.2.0/lib' '-L/opt/apps/mpi/gcc/openmpi/4.1.2-numa-ucx-1.10.1--gcc-8.2.0/lib' '-L/mnt/iusers01/fatpou01/sees01/a16404ys/privatemodules_packages/csf3/apps/gcc/zlib/1.2.12/lib' '-L/mnt/iusers01/fatpou01/sees01/a16404ys/privatemodules_packages/csf3/apps/gcc/hdf5/1.12.3/lib' '-L/mnt/iusers01/fatpou01/sees01/a16404ys/privatemodules_packages/csf3/apps/gcc/pnetcdf/1.12.3/lib' '-L/mnt/iusers01/fatpou01/sees01/a16404ys/privatemodules_packages/csf3/apps/gcc/netcdf/4.9.2/lib' '-L/mnt/iusers01/fatpou01/sees01/a16404ys/privatemodules_packages/csf3/apps/gcc/netcdf-fortran/4.6.1/lib' '-v' '-fno-range-check' '-o' 'cmTC_2db69' '-I' '/opt/apps/mpi/gcc/openmpi/4.1.2-numa-ucx-1.10.1--gcc-8.2.0/include' '-pthread' '-I' '/opt/apps/mpi/gcc/openmpi/4.1.2-numa-ucx-1.10.1--gcc-8.2.0/lib' '-L/opt/apps/mpi/gcc/openmpi/4.1.2-numa-ucx-1.10.1--gcc-8.2.0/lib' '-shared-libgcc' '-mtune=generic' '-march=x86-64'
COMPILER_PATH=/opt/gridware/depots/8e896c5a/el7/pkg/compilers/gcc/8.2.0/libexec/gcc/x86_64-pc-linux-gnu/8.2.0/:/opt/gridware/depots/8e896c5a/el7/pkg/compilers/gcc/8.2.0/libexec/gcc/x86_64-pc-linux-gnu/8.2.0/:/opt/gridware/depots/8e896c5a/el7/pkg/compilers/gcc/8.2.0/libexec/gcc/x86_64-pc-linux-gnu/:/opt/gridware/depots/8e896c5a/el7/pkg/compilers/gcc/8.2.0/lib/gcc/x86_64-pc-linux-gnu/8.2.0/:/opt/gridware/depots/8e896c5a/el7/pkg/compilers/gcc/8.2.0/lib/gcc/x86_64-pc-linux-gnu/
LIBRARY_PATH=/opt/gridware/depots/8e896c5a/el7/pkg/compilers/gcc/8.2.0/lib/gcc/x86_64-pc-linux-gnu/8.2.0/:/opt/gridware/depots/8e896c5a/el7/pkg/compilers/gcc/8.2.0/lib/gcc/x86_64-pc-linux-gnu/8.2.0/../../../../lib64/:/lib/../lib64/:/usr/lib/../lib64/:/mnt/iusers01/fatpou01/sees01/a16404ys/privatemodules_packages/csf3/apps/gcc/esmf/8.6/lib/:/mnt/iusers01/fatpou01/sees01/a16404ys/privatemodules_packages/csf3/apps/gcc/pio2/2.6.2/lib/:/mnt/iusers01/fatpou01/sees01/a16404ys/privatemodules_packages/csf3/apps/gcc/netcdf-fortran/4.6.1/lib/:/mnt/iusers01/fatpou01/sees01/a16404ys/privatemodules_packages/csf3/apps/gcc/netcdf/4.9.2/lib/:/mnt/iusers01/fatpou01/sees01/a16404ys/privatemodules_packages/csf3/apps/gcc/pnetcdf/1.12.3/lib/:/mnt/iusers01/fatpou01/sees01/a16404ys/privatemodules_packages/csf3/apps/gcc/hdf5/1.12.3/lib/:/mnt/iusers01/fatpou01/sees01/a16404ys/privatemodules_packages/csf3/apps/gcc/zlib/1.2.12/lib/:/opt/apps/libs/ucx/1.10.1/lib/:/opt/gridware/depots/8e896c5a/el7/pkg/compilers/gcc/8.2.0/lib/gcc/x86_64-pc-linux-gnu/8.2.0/../../../:/lib/:/usr/lib/
COLLECT_GCC_OPTIONS='-L/opt/gridware/depots/8e896c5a/el7/pkg/libs/lapack/3.5.0/gcc-4.8.5/lib' '-L/opt/gridware/depots/8e896c5a/el7/pkg/libs/blas/3.6.0/gcc-4.8.5' '-L/opt/gridware/depots/8e896c5a/el7/pkg/compilers/gcc/8.2.0/lib64' '-L/opt/gridware/depots/8e896c5a/el7/pkg/compilers/gcc/8.2.0/lib' '-L/opt/apps/mpi/gcc/openmpi/4.1.2-numa-ucx-1.10.1--gcc-8.2.0/lib' '-L/mnt/iusers01/fatpou01/sees01/a16404ys/privatemodules_packages/csf3/apps/gcc/zlib/1.2.12/lib' '-L/mnt/iusers01/fatpou01/sees01/a16404ys/privatemodules_packages/csf3/apps/gcc/hdf5/1.12.3/lib' '-L/mnt/iusers01/fatpou01/sees01/a16404ys/privatemodules_packages/csf3/apps/gcc/pnetcdf/1.12.3/lib' '-L/mnt/iusers01/fatpou01/sees01/a16404ys/privatemodules_packages/csf3/apps/gcc/netcdf/4.9.2/lib' '-L/mnt/iusers01/fatpou01/sees01/a16404ys/privatemodules_packages/csf3/apps/gcc/netcdf-fortran/4.6.1/lib' '-v' '-fno-range-check' '-o' 'cmTC_2db69' '-I' '/opt/apps/mpi/gcc/openmpi/4.1.2-numa-ucx-1.10.1--gcc-8.2.0/include' '-pthread' '-I' '/opt/apps/mpi/gcc/openmpi/4.1.2-numa-ucx-1.10.1--gcc-8.2.0/lib' '-L/opt/apps/mpi/gcc/openmpi/4.1.2-numa-ucx-1.10.1--gcc-8.2.0/lib' '-shared-libgcc' '-mtune=generic' '-march=x86-64'
 /opt/gridware/depots/8e896c5a/el7/pkg/compilers/gcc/8.2.0/libexec/gcc/x86_64-pc-linux-gnu/8.2.0/collect2 -plugin /opt/gridware/depots/8e896c5a/el7/pkg/compilers/gcc/8.2.0/libexec/gcc/x86_64-pc-linux-gnu/8.2.0/liblto_plugin.so -plugin-opt=/opt/gridware/depots/8e896c5a/el7/pkg/compilers/gcc/8.2.0/libexec/gcc/x86_64-pc-linux-gnu/8.2.0/lto-wrapper -plugin-opt=-fresolution=/tmp/ccR8uPUI.res -plugin-opt=-pass-through=-lgcc_s -plugin-opt=-pass-through=-lgcc -plugin-opt=-pass-through=-lquadmath -plugin-opt=-pass-through=-lm -plugin-opt=-pass-through=-lgcc_s -plugin-opt=-pass-through=-lgcc -plugin-opt=-pass-through=-lpthread -plugin-opt=-pass-through=-lc -plugin-opt=-pass-through=-lgcc_s -plugin-opt=-pass-through=-lgcc --eh-frame-hdr -m elf_x86_64 -dynamic-linker /lib64/ld-linux-x86-64.so.2 -o cmTC_2db69 /lib/../lib64/crt1.o /lib/../lib64/crti.o /opt/gridware/depots/8e896c5a/el7/pkg/compilers/gcc/8.2.0/lib/gcc/x86_64-pc-linux-gnu/8.2.0/crtbegin.o -L/opt/gridware/depots/8e896c5a/el7/pkg/libs/lapack/3.5.0/gcc-4.8.5/lib -L/opt/gridware/depots/8e896c5a/el7/pkg/libs/blas/3.6.0/gcc-4.8.5 -L/opt/gridware/depots/8e896c5a/el7/pkg/compilers/gcc/8.2.0/lib64 -L/opt/gridware/depots/8e896c5a/el7/pkg/compilers/gcc/8.2.0/lib -L/opt/apps/mpi/gcc/openmpi/4.1.2-numa-ucx-1.10.1--gcc-8.2.0/lib -L/mnt/iusers01/fatpou01/sees01/a16404ys/privatemodules_packages/csf3/apps/gcc/zlib/1.2.12/lib -L/mnt/iusers01/fatpou01/sees01/a16404ys/privatemodules_packages/csf3/apps/gcc/hdf5/1.12.3/lib -L/mnt/iusers01/fatpou01/sees01/a16404ys/privatemodules_packages/csf3/apps/gcc/pnetcdf/1.12.3/lib -L/mnt/iusers01/fatpou01/sees01/a16404ys/privatemodules_packages/csf3/apps/gcc/netcdf/4.9.2/lib -L/mnt/iusers01/fatpou01/sees01/a16404ys/privatemodules_packages/csf3/apps/gcc/netcdf-fortran/4.6.1/lib -L/opt/apps/mpi/gcc/openmpi/4.1.2-numa-ucx-1.10.1--gcc-8.2.0/lib -L/opt/gridware/depots/8e896c5a/el7/pkg/compilers/gcc/8.2.0/lib/gcc/x86_64-pc-linux-gnu/8.2.0 -L/opt/gridware/depots/8e896c5a/el7/pkg/compilers/gcc/8.2.0/lib/gcc/x86_64-pc-linux-gnu/8.2.0/../../../../lib64 -L/lib/../lib64 -L/usr/lib/../lib64 -L/mnt/iusers01/fatpou01/sees01/a16404ys/privatemodules_packages/csf3/apps/gcc/esmf/8.6/lib -L/mnt/iusers01/fatpou01/sees01/a16404ys/privatemodules_packages/csf3/apps/gcc/pio2/2.6.2/lib -L/mnt/iusers01/fatpou01/sees01/a16404ys/privatemodules_packages/csf3/apps/gcc/netcdf-fortran/4.6.1/lib -L/mnt/iusers01/fatpou01/sees01/a16404ys/privatemodules_packages/csf3/apps/gcc/netcdf/4.9.2/lib -L/mnt/iusers01/fatpou01/sees01/a16404ys/privatemodules_packages/csf3/apps/gcc/pnetcdf/1.12.3/lib -L/mnt/iusers01/fatpou01/sees01/a16404ys/privatemodules_packages/csf3/apps/gcc/hdf5/1.12.3/lib -L/mnt/iusers01/fatpou01/sees01/a16404ys/privatemodules_packages/csf3/apps/gcc/zlib/1.2.12/lib -L/opt/apps/libs/ucx/1.10.1/lib -L/opt/gridware/depots/8e896c5a/el7/pkg/compilers/gcc/8.2.0/lib/gcc/x86_64-pc-linux-gnu/8.2.0/../../.. CMakeFiles/cmTC_2db69.dir/CMakeFortranCompilerABI.F90.o -rpath /opt/apps/mpi/gcc/openmpi/4.1.2-numa-ucx-1.10.1--gcc-8.2.0/lib --enable-new-dtags -lmpi_usempif08 -lmpi_usempi_ignore_tkr -lmpi_mpifh -lmpi -lgfortran -lm -lgcc_s -lgcc -lquadmath -lm -lgcc_s -lgcc -lpthread -lc -lgcc_s -lgcc /opt/gridware/depots/8e896c5a/el7/pkg/compilers/gcc/8.2.0/lib/gcc/x86_64-pc-linux-gnu/8.2.0/crtend.o /lib/../lib64/crtn.o
COLLECT_GCC_OPTIONS='-L/opt/gridware/depots/8e896c5a/el7/pkg/libs/lapack/3.5.0/gcc-4.8.5/lib' '-L/opt/gridware/depots/8e896c5a/el7/pkg/libs/blas/3.6.0/gcc-4.8.5' '-L/opt/gridware/depots/8e896c5a/el7/pkg/compilers/gcc/8.2.0/lib64' '-L/opt/gridware/depots/8e896c5a/el7/pkg/compilers/gcc/8.2.0/lib' '-L/opt/apps/mpi/gcc/openmpi/4.1.2-numa-ucx-1.10.1--gcc-8.2.0/lib' '-L/mnt/iusers01/fatpou01/sees01/a16404ys/privatemodules_packages/csf3/apps/gcc/zlib/1.2.12/lib' '-L/mnt/iusers01/fatpou01/sees01/a16404ys/privatemodules_packages/csf3/apps/gcc/hdf5/1.12.3/lib' '-L/mnt/iusers01/fatpou01/sees01/a16404ys/privatemodules_packages/csf3/apps/gcc/pnetcdf/1.12.3/lib' '-L/mnt/iusers01/fatpou01/sees01/a16404ys/privatemodules_packages/csf3/apps/gcc/netcdf/4.9.2/lib' '-L/mnt/iusers01/fatpou01/sees01/a16404ys/privatemodules_packages/csf3/apps/gcc/netcdf-fortran/4.6.1/lib' '-v' '-fno-range-check' '-o' 'cmTC_2db69' '-I' '/opt/apps/mpi/gcc/openmpi/4.1.2-numa-ucx-1.10.1--gcc-8.2.0/include' '-pthread' '-I' '/opt/apps/mpi/gcc/openmpi/4.1.2-numa-ucx-1.10.1--gcc-8.2.0/lib' '-L/opt/apps/mpi/gcc/openmpi/4.1.2-numa-ucx-1.10.1--gcc-8.2.0/lib' '-shared-libgcc' '-mtune=generic' '-march=x86-64'
gmake[1]: Leaving directory `/mnt/iusers01/fatpou01/sees01/a16404ys/CESM/my_cesm_sandbox_ctsm5.2/tools/mksurfdata_esmf/tool_bld/CMakeFiles/CMakeScratch/TryCompile-JGHibs'



Parsed Fortran implicit include dir info from above output: rv=done
  found start of include info
  found start of implicit include info
    add: [/opt/apps/mpi/gcc/openmpi/4.1.2-numa-ucx-1.10.1--gcc-8.2.0/include]
    add: [/opt/apps/mpi/gcc/openmpi/4.1.2-numa-ucx-1.10.1--gcc-8.2.0/lib]
    add: [/opt/gridware/depots/8e896c5a/el7/pkg/compilers/gcc/8.2.0/lib/gcc/x86_64-pc-linux-gnu/8.2.0/finclude]
    add: [/mnt/iusers01/fatpou01/sees01/a16404ys/privatemodules_packages/csf3/apps/gcc/pio2/2.6.2/include]
    add: [/mnt/iusers01/fatpou01/sees01/a16404ys/privatemodules_packages/csf3/apps/gcc/netcdf-fortran/4.6.1/include]
    add: [/mnt/iusers01/fatpou01/sees01/a16404ys/privatemodules_packages/csf3/apps/gcc/netcdf/4.9.2/include]
    add: [/mnt/iusers01/fatpou01/sees01/a16404ys/privatemodules_packages/csf3/apps/gcc/pnetcdf/1.12.3/include]
    add: [/mnt/iusers01/fatpou01/sees01/a16404ys/privatemodules_packages/csf3/apps/gcc/hdf5/1.12.3/include]
    add: [/mnt/iusers01/fatpou01/sees01/a16404ys/privatemodules_packages/csf3/apps/gcc/zlib/1.2.12/include]
    add: [/opt/apps/libs/ucx/1.10.1/include]
    add: [/opt/gridware/depots/8e896c5a/el7/pkg/compilers/gcc/8.2.0/lib/gcc/x86_64-pc-linux-gnu/8.2.0/include]
    add: [/usr/local/include]
    add: [/opt/gridware/depots/8e896c5a/el7/pkg/compilers/gcc/8.2.0/include]
    add: [/opt/gridware/depots/8e896c5a/el7/pkg/compilers/gcc/8.2.0/lib/gcc/x86_64-pc-linux-gnu/8.2.0/include-fixed]
    add: [/usr/include]
  end of search list found
  collapse include dir [/opt/apps/mpi/gcc/openmpi/4.1.2-numa-ucx-1.10.1--gcc-8.2.0/include] ==> [/opt/apps/mpi/gcc/openmpi/4.1.2-numa-ucx-1.10.1--gcc-8.2.0/include]
  collapse include dir [/opt/apps/mpi/gcc/openmpi/4.1.2-numa-ucx-1.10.1--gcc-8.2.0/lib] ==> [/opt/apps/mpi/gcc/openmpi/4.1.2-numa-ucx-1.10.1--gcc-8.2.0/lib]
  collapse include dir [/opt/gridware/depots/8e896c5a/el7/pkg/compilers/gcc/8.2.0/lib/gcc/x86_64-pc-linux-gnu/8.2.0/finclude] ==> [/opt/gridware/depots/8e896c5a/el7/pkg/compilers/gcc/8.2.0/lib/gcc/x86_64-pc-linux-gnu/8.2.0/finclude]
  collapse include dir [/mnt/iusers01/fatpou01/sees01/a16404ys/privatemodules_packages/csf3/apps/gcc/pio2/2.6.2/include] ==> [/mnt/iusers01/fatpou01/sees01/a16404ys/privatemodules_packages/csf3/apps/gcc/pio2/2.6.2/include]
  collapse include dir [/mnt/iusers01/fatpou01/sees01/a16404ys/privatemodules_packages/csf3/apps/gcc/netcdf-fortran/4.6.1/include] ==> [/mnt/iusers01/fatpou01/sees01/a16404ys/privatemodules_packages/csf3/apps/gcc/netcdf-fortran/4.6.1/include]
  collapse include dir [/mnt/iusers01/fatpou01/sees01/a16404ys/privatemodules_packages/csf3/apps/gcc/netcdf/4.9.2/include] ==> [/mnt/iusers01/fatpou01/sees01/a16404ys/privatemodules_packages/csf3/apps/gcc/netcdf/4.9.2/include]
  collapse include dir [/mnt/iusers01/fatpou01/sees01/a16404ys/privatemodules_packages/csf3/apps/gcc/pnetcdf/1.12.3/include] ==> [/mnt/iusers01/fatpou01/sees01/a16404ys/privatemodules_packages/csf3/apps/gcc/pnetcdf/1.12.3/include]
  collapse include dir [/mnt/iusers01/fatpou01/sees01/a16404ys/privatemodules_packages/csf3/apps/gcc/hdf5/1.12.3/include] ==> [/mnt/iusers01/fatpou01/sees01/a16404ys/privatemodules_packages/csf3/apps/gcc/hdf5/1.12.3/include]
  collapse include dir [/mnt/iusers01/fatpou01/sees01/a16404ys/privatemodules_packages/csf3/apps/gcc/zlib/1.2.12/include] ==> [/mnt/iusers01/fatpou01/sees01/a16404ys/privatemodules_packages/csf3/apps/gcc/zlib/1.2.12/include]
  collapse include dir [/opt/apps/libs/ucx/1.10.1/include] ==> [/opt/apps/libs/ucx/1.10.1/include]
  collapse include dir [/opt/gridware/depots/8e896c5a/el7/pkg/compilers/gcc/8.2.0/lib/gcc/x86_64-pc-linux-gnu/8.2.0/include] ==> [/opt/gridware/depots/8e896c5a/el7/pkg/compilers/gcc/8.2.0/lib/gcc/x86_64-pc-linux-gnu/8.2.0/include]
  collapse include dir [/usr/local/include] ==> [/usr/local/include]
  collapse include dir [/opt/gridware/depots/8e896c5a/el7/pkg/compilers/gcc/8.2.0/include] ==> [/opt/gridware/depots/8e896c5a/el7/pkg/compilers/gcc/8.2.0/include]
  collapse include dir [/opt/gridware/depots/8e896c5a/el7/pkg/compilers/gcc/8.2.0/lib/gcc/x86_64-pc-linux-gnu/8.2.0/include-fixed] ==> [/opt/gridware/depots/8e896c5a/el7/pkg/compilers/gcc/8.2.0/lib/gcc/x86_64-pc-linux-gnu/8.2.0/include-fixed]
  collapse include dir [/usr/include] ==> [/usr/include]
  implicit include dirs: [/opt/apps/mpi/gcc/openmpi/4.1.2-numa-ucx-1.10.1--gcc-8.2.0/include;/opt/apps/mpi/gcc/openmpi/4.1.2-numa-ucx-1.10.1--gcc-8.2.0/lib;/opt/gridware/depots/8e896c5a/el7/pkg/compilers/gcc/8.2.0/lib/gcc/x86_64-pc-linux-gnu/8.2.0/finclude;/mnt/iusers01/fatpou01/sees01/a16404ys/privatemodules_packages/csf3/apps/gcc/pio2/2.6.2/include;/mnt/iusers01/fatpou01/sees01/a16404ys/privatemodules_packages/csf3/apps/gcc/netcdf-fortran/4.6.1/include;/mnt/iusers01/fatpou01/sees01/a16404ys/privatemodules_packages/csf3/apps/gcc/netcdf/4.9.2/include;/mnt/iusers01/fatpou01/sees01/a16404ys/privatemodules_packages/csf3/apps/gcc/pnetcdf/1.12.3/include;/mnt/iusers01/fatpou01/sees01/a16404ys/privatemodules_packages/csf3/apps/gcc/hdf5/1.12.3/include;/mnt/iusers01/fatpou01/sees01/a16404ys/privatemodules_packages/csf3/apps/gcc/zlib/1.2.12/include;/opt/apps/libs/ucx/1.10.1/include;/opt/gridware/depots/8e896c5a/el7/pkg/compilers/gcc/8.2.0/lib/gcc/x86_64-pc-linux-gnu/8.2.0/include;/usr/local/include;/opt/gridware/depots/8e896c5a/el7/pkg/compilers/gcc/8.2.0/include;/opt/gridware/depots/8e896c5a/el7/pkg/compilers/gcc/8.2.0/lib/gcc/x86_64-pc-linux-gnu/8.2.0/include-fixed;/usr/include]


Parsed Fortran implicit link information from above output:
  link line regex: [^( *|.*[/\])(ld|CMAKE_LINK_STARTFILE-NOTFOUND|([^/\]+-)?ld|collect2)[^/\]*( |$)]
  ignore line: [Change Dir: /mnt/iusers01/fatpou01/sees01/a16404ys/CESM/my_cesm_sandbox_ctsm5.2/tools/mksurfdata_esmf/tool_bld/CMakeFiles/CMakeScratch/TryCompile-JGHibs]
  ignore line: []
  ignore line: [Run Build Command(s):/usr/bin/gmake -f Makefile cmTC_2db69/fast && /usr/bin/gmake  -f CMakeFiles/cmTC_2db69.dir/build.make CMakeFiles/cmTC_2db69.dir/build]
  ignore line: [gmake[1]: Entering directory `/mnt/iusers01/fatpou01/sees01/a16404ys/CESM/my_cesm_sandbox_ctsm5.2/tools/mksurfdata_esmf/tool_bld/CMakeFiles/CMakeScratch/TryCompile-JGHibs']
  ignore line: [Building Fortran object CMakeFiles/cmTC_2db69.dir/CMakeFortranCompilerABI.F90.o]
  ignore line: [/opt/apps/mpi/gcc/openmpi/4.1.2-numa-ucx-1.10.1--gcc-8.2.0/bin/mpif90   -fno-range-check    -v -c /opt/apps/tools/gcc/cmake/3.25.1/share/cmake-3.25/Modules/CMakeFortranCompilerABI.F90 -o CMakeFiles/cmTC_2db69.dir/CMakeFortranCompilerABI.F90.o]
  ignore line: [Using built-in specs.]
  ignore line: [COLLECT_GCC=/opt/gridware/depots/8e896c5a/el7/pkg/compilers/gcc/8.2.0/bin/gfortran]
  ignore line: [Target: x86_64-pc-linux-gnu]
  ignore line: [Configured with: ../configure --prefix=/opt/gridware/depots/8e896c5a/el7/pkg/compilers/gcc/8.2.0 --enable-shared --with-system-zlib --enable-threads=posix --enable-checking=release --enable-plugin --enable-multilib --enable-languages=c c++ objc obj-c++ fortran go]
  ignore line: [Thread model: posix]
  ignore line: [gcc version 8.2.0 (GCC) ]
  ignore line: [COLLECT_GCC_OPTIONS='-fno-range-check' '-v' '-c' '-o' 'CMakeFiles/cmTC_2db69.dir/CMakeFortranCompilerABI.F90.o' '-I' '/opt/apps/mpi/gcc/openmpi/4.1.2-numa-ucx-1.10.1--gcc-8.2.0/include' '-pthread' '-I' '/opt/apps/mpi/gcc/openmpi/4.1.2-numa-ucx-1.10.1--gcc-8.2.0/lib' '-mtune=generic' '-march=x86-64']
  ignore line: [ /opt/gridware/depots/8e896c5a/el7/pkg/compilers/gcc/8.2.0/libexec/gcc/x86_64-pc-linux-gnu/8.2.0/f951 /opt/apps/tools/gcc/cmake/3.25.1/share/cmake-3.25/Modules/CMakeFortranCompilerABI.F90 -cpp=/tmp/ccpuUT1G.f90 -quiet -v -I /opt/apps/mpi/gcc/openmpi/4.1.2-numa-ucx-1.10.1--gcc-8.2.0/include -I /opt/apps/mpi/gcc/openmpi/4.1.2-numa-ucx-1.10.1--gcc-8.2.0/lib -D_REENTRANT /opt/apps/tools/gcc/cmake/3.25.1/share/cmake-3.25/Modules/CMakeFortranCompilerABI.F90 -quiet -dumpbase CMakeFortranCompilerABI.F90 -mtune=generic -march=x86-64 -auxbase-strip CMakeFiles/cmTC_2db69.dir/CMakeFortranCompilerABI.F90.o -version -fno-range-check -fintrinsic-modules-path /opt/gridware/depots/8e896c5a/el7/pkg/compilers/gcc/8.2.0/lib/gcc/x86_64-pc-linux-gnu/8.2.0/finclude -o /tmp/cc6OEZLr.s]
  ignore line: [GNU Fortran (GCC) version 8.2.0 (x86_64-pc-linux-gnu)]
  ignore line: [	compiled by GNU C version 8.2.0  GMP version 6.0.0  MPFR version 3.1.1  MPC version 1.0.1  isl version none]
  ignore line: [GGC heuristics: --param ggc-min-expand=100 --param ggc-min-heapsize=131072]
  ignore line: [ignoring nonexistent directory "/opt/gridware/depots/8e896c5a/el7/pkg/compilers/gcc/8.2.0/lib/gcc/x86_64-pc-linux-gnu/8.2.0/../../../../x86_64-pc-linux-gnu/include"]
  ignore line: [ignoring nonexistent directory "/mnt/iusers01/fatpou01/sees01/a16404ys/privatemodules_packages/csf3/apps/gcc/esmf/8.6/include"]
  ignore line: [ignoring duplicate directory "/opt/apps/libs/ucx/1.10.1/include"]
  ignore line: [  as it is a non-system directory that duplicates a system directory]
  ignore line: [#include "..." search starts here:]
  ignore line: [#include <...> search starts here:]
  ignore line: [ /opt/apps/mpi/gcc/openmpi/4.1.2-numa-ucx-1.10.1--gcc-8.2.0/include]
  ignore line: [ /opt/apps/mpi/gcc/openmpi/4.1.2-numa-ucx-1.10.1--gcc-8.2.0/lib]
  ignore line: [ /opt/gridware/depots/8e896c5a/el7/pkg/compilers/gcc/8.2.0/lib/gcc/x86_64-pc-linux-gnu/8.2.0/finclude]
  ignore line: [ /mnt/iusers01/fatpou01/sees01/a16404ys/privatemodules_packages/csf3/apps/gcc/pio2/2.6.2/include]
  ignore line: [ /mnt/iusers01/fatpou01/sees01/a16404ys/privatemodules_packages/csf3/apps/gcc/netcdf-fortran/4.6.1/include]
  ignore line: [ /mnt/iusers01/fatpou01/sees01/a16404ys/privatemodules_packages/csf3/apps/gcc/netcdf/4.9.2/include]
  ignore line: [ /mnt/iusers01/fatpou01/sees01/a16404ys/privatemodules_packages/csf3/apps/gcc/pnetcdf/1.12.3/include]
  ignore line: [ /mnt/iusers01/fatpou01/sees01/a16404ys/privatemodules_packages/csf3/apps/gcc/hdf5/1.12.3/include]
  ignore line: [ /mnt/iusers01/fatpou01/sees01/a16404ys/privatemodules_packages/csf3/apps/gcc/zlib/1.2.12/include]
  ignore line: [ /opt/apps/libs/ucx/1.10.1/include]
  ignore line: [ /opt/gridware/depots/8e896c5a/el7/pkg/compilers/gcc/8.2.0/lib/gcc/x86_64-pc-linux-gnu/8.2.0/include]
  ignore line: [ /usr/local/include]
  ignore line: [ /opt/gridware/depots/8e896c5a/el7/pkg/compilers/gcc/8.2.0/include]
  ignore line: [ /opt/gridware/depots/8e896c5a/el7/pkg/compilers/gcc/8.2.0/lib/gcc/x86_64-pc-linux-gnu/8.2.0/include-fixed]
  ignore line: [ /usr/include]
  ignore line: [End of search list.]
  ignore line: [GNU Fortran2008 (GCC) version 8.2.0 (x86_64-pc-linux-gnu)]
  ignore line: [	compiled by GNU C version 8.2.0  GMP version 6.0.0  MPFR version 3.1.1  MPC version 1.0.1  isl version none]
  ignore line: [GGC heuristics: --param ggc-min-expand=100 --param ggc-min-heapsize=131072]
  ignore line: [COLLECT_GCC_OPTIONS='-fno-range-check' '-v' '-c' '-o' 'CMakeFiles/cmTC_2db69.dir/CMakeFortranCompilerABI.F90.o' '-I' '/opt/apps/mpi/gcc/openmpi/4.1.2-numa-ucx-1.10.1--gcc-8.2.0/include' '-pthread' '-I' '/opt/apps/mpi/gcc/openmpi/4.1.2-numa-ucx-1.10.1--gcc-8.2.0/lib' '-mtune=generic' '-march=x86-64']
  ignore line: [ as -v -I /opt/apps/mpi/gcc/openmpi/4.1.2-numa-ucx-1.10.1--gcc-8.2.0/include -I /opt/apps/mpi/gcc/openmpi/4.1.2-numa-ucx-1.10.1--gcc-8.2.0/lib --64 -o CMakeFiles/cmTC_2db69.dir/CMakeFortranCompilerABI.F90.o /tmp/cc6OEZLr.s]
  ignore line: [GNU assembler version 2.27 (x86_64-redhat-linux) using BFD version version 2.27-44.base.el7]
  ignore line: [COMPILER_PATH=/opt/gridware/depots/8e896c5a/el7/pkg/compilers/gcc/8.2.0/libexec/gcc/x86_64-pc-linux-gnu/8.2.0/:/opt/gridware/depots/8e896c5a/el7/pkg/compilers/gcc/8.2.0/libexec/gcc/x86_64-pc-linux-gnu/8.2.0/:/opt/gridware/depots/8e896c5a/el7/pkg/compilers/gcc/8.2.0/libexec/gcc/x86_64-pc-linux-gnu/:/opt/gridware/depots/8e896c5a/el7/pkg/compilers/gcc/8.2.0/lib/gcc/x86_64-pc-linux-gnu/8.2.0/:/opt/gridware/depots/8e896c5a/el7/pkg/compilers/gcc/8.2.0/lib/gcc/x86_64-pc-linux-gnu/]
  ignore line: [LIBRARY_PATH=/opt/gridware/depots/8e896c5a/el7/pkg/compilers/gcc/8.2.0/lib/gcc/x86_64-pc-linux-gnu/8.2.0/:/opt/gridware/depots/8e896c5a/el7/pkg/compilers/gcc/8.2.0/lib/gcc/x86_64-pc-linux-gnu/8.2.0/../../../../lib64/:/lib/../lib64/:/usr/lib/../lib64/:/mnt/iusers01/fatpou01/sees01/a16404ys/privatemodules_packages/csf3/apps/gcc/esmf/8.6/lib/:/mnt/iusers01/fatpou01/sees01/a16404ys/privatemodules_packages/csf3/apps/gcc/pio2/2.6.2/lib/:/mnt/iusers01/fatpou01/sees01/a16404ys/privatemodules_packages/csf3/apps/gcc/netcdf-fortran/4.6.1/lib/:/mnt/iusers01/fatpou01/sees01/a16404ys/privatemodules_packages/csf3/apps/gcc/netcdf/4.9.2/lib/:/mnt/iusers01/fatpou01/sees01/a16404ys/privatemodules_packages/csf3/apps/gcc/pnetcdf/1.12.3/lib/:/mnt/iusers01/fatpou01/sees01/a16404ys/privatemodules_packages/csf3/apps/gcc/hdf5/1.12.3/lib/:/mnt/iusers01/fatpou01/sees01/a16404ys/privatemodules_packages/csf3/apps/gcc/zlib/1.2.12/lib/:/opt/apps/libs/ucx/1.10.1/lib/:/opt/gridware/depots/8e896c5a/el7/pkg/compilers/gcc/8.2.0/lib/gcc/x86_64-pc-linux-gnu/8.2.0/../../../:/lib/:/usr/lib/]
  ignore line: [COLLECT_GCC_OPTIONS='-fno-range-check' '-v' '-c' '-o' 'CMakeFiles/cmTC_2db69.dir/CMakeFortranCompilerABI.F90.o' '-I' '/opt/apps/mpi/gcc/openmpi/4.1.2-numa-ucx-1.10.1--gcc-8.2.0/include' '-pthread' '-I' '/opt/apps/mpi/gcc/openmpi/4.1.2-numa-ucx-1.10.1--gcc-8.2.0/lib' '-mtune=generic' '-march=x86-64']
  ignore line: [Linking Fortran executable cmTC_2db69]
  ignore line: [/opt/apps/tools/gcc/cmake/3.25.1/bin/cmake -E cmake_link_script CMakeFiles/cmTC_2db69.dir/link.txt --verbose=1]
  ignore line: [/opt/apps/mpi/gcc/openmpi/4.1.2-numa-ucx-1.10.1--gcc-8.2.0/bin/mpif90 -L/opt/gridware/depots/8e896c5a/el7/pkg/libs/lapack/3.5.0/gcc-4.8.5/lib -L/opt/gridware/depots/8e896c5a/el7/pkg/libs/blas/3.6.0/gcc-4.8.5 -L/opt/gridware/depots/8e896c5a/el7/pkg/compilers/gcc/8.2.0/lib64 -L/opt/gridware/depots/8e896c5a/el7/pkg/compilers/gcc/8.2.0/lib -L/opt/apps/mpi/gcc/openmpi/4.1.2-numa-ucx-1.10.1--gcc-8.2.0/lib -L/mnt/iusers01/fatpou01/sees01/a16404ys/privatemodules_packages/csf3/apps/gcc/zlib/1.2.12/lib -L/mnt/iusers01/fatpou01/sees01/a16404ys/privatemodules_packages/csf3/apps/gcc/hdf5/1.12.3/lib -L/mnt/iusers01/fatpou01/sees01/a16404ys/privatemodules_packages/csf3/apps/gcc/pnetcdf/1.12.3/lib -L/mnt/iusers01/fatpou01/sees01/a16404ys/privatemodules_packages/csf3/apps/gcc/netcdf/4.9.2/lib -L/mnt/iusers01/fatpou01/sees01/a16404ys/privatemodules_packages/csf3/apps/gcc/netcdf-fortran/4.6.1/lib -v -fno-range-check  CMakeFiles/cmTC_2db69.dir/CMakeFortranCompilerABI.F90.o -o cmTC_2db69 ]
  ignore line: [Driving: /opt/gridware/depots/8e896c5a/el7/pkg/compilers/gcc/8.2.0/bin/gfortran -L/opt/gridware/depots/8e896c5a/el7/pkg/libs/lapack/3.5.0/gcc-4.8.5/lib -L/opt/gridware/depots/8e896c5a/el7/pkg/libs/blas/3.6.0/gcc-4.8.5 -L/opt/gridware/depots/8e896c5a/el7/pkg/compilers/gcc/8.2.0/lib64 -L/opt/gridware/depots/8e896c5a/el7/pkg/compilers/gcc/8.2.0/lib -L/opt/apps/mpi/gcc/openmpi/4.1.2-numa-ucx-1.10.1--gcc-8.2.0/lib -L/mnt/iusers01/fatpou01/sees01/a16404ys/privatemodules_packages/csf3/apps/gcc/zlib/1.2.12/lib -L/mnt/iusers01/fatpou01/sees01/a16404ys/privatemodules_packages/csf3/apps/gcc/hdf5/1.12.3/lib -L/mnt/iusers01/fatpou01/sees01/a16404ys/privatemodules_packages/csf3/apps/gcc/pnetcdf/1.12.3/lib -L/mnt/iusers01/fatpou01/sees01/a16404ys/privatemodules_packages/csf3/apps/gcc/netcdf/4.9.2/lib -L/mnt/iusers01/fatpou01/sees01/a16404ys/privatemodules_packages/csf3/apps/gcc/netcdf-fortran/4.6.1/lib -v -fno-range-check CMakeFiles/cmTC_2db69.dir/CMakeFortranCompilerABI.F90.o -o cmTC_2db69 -I/opt/apps/mpi/gcc/openmpi/4.1.2-numa-ucx-1.10.1--gcc-8.2.0/include -pthread -I/opt/apps/mpi/gcc/openmpi/4.1.2-numa-ucx-1.10.1--gcc-8.2.0/lib -L/opt/apps/mpi/gcc/openmpi/4.1.2-numa-ucx-1.10.1--gcc-8.2.0/lib -Wl -rpath -Wl /opt/apps/mpi/gcc/openmpi/4.1.2-numa-ucx-1.10.1--gcc-8.2.0/lib -Wl --enable-new-dtags -lmpi_usempif08 -lmpi_usempi_ignore_tkr -lmpi_mpifh -lmpi -l gfortran -l m -shared-libgcc]
  ignore line: [Using built-in specs.]
  ignore line: [COLLECT_GCC=/opt/gridware/depots/8e896c5a/el7/pkg/compilers/gcc/8.2.0/bin/gfortran]
  ignore line: [COLLECT_LTO_WRAPPER=/opt/gridware/depots/8e896c5a/el7/pkg/compilers/gcc/8.2.0/libexec/gcc/x86_64-pc-linux-gnu/8.2.0/lto-wrapper]
  ignore line: [Target: x86_64-pc-linux-gnu]
  ignore line: [Configured with: ../configure --prefix=/opt/gridware/depots/8e896c5a/el7/pkg/compilers/gcc/8.2.0 --enable-shared --with-system-zlib --enable-threads=posix --enable-checking=release --enable-plugin --enable-multilib --enable-languages=c c++ objc obj-c++ fortran go]
  ignore line: [Thread model: posix]
  ignore line: [gcc version 8.2.0 (GCC) ]
  ignore line: [Reading specs from /opt/gridware/depots/8e896c5a/el7/pkg/compilers/gcc/8.2.0/lib/gcc/x86_64-pc-linux-gnu/8.2.0/../../../../lib64/libgfortran.spec]
  ignore line: [rename spec lib to liborig]
  ignore line: [COLLECT_GCC_OPTIONS='-L/opt/gridware/depots/8e896c5a/el7/pkg/libs/lapack/3.5.0/gcc-4.8.5/lib' '-L/opt/gridware/depots/8e896c5a/el7/pkg/libs/blas/3.6.0/gcc-4.8.5' '-L/opt/gridware/depots/8e896c5a/el7/pkg/compilers/gcc/8.2.0/lib64' '-L/opt/gridware/depots/8e896c5a/el7/pkg/compilers/gcc/8.2.0/lib' '-L/opt/apps/mpi/gcc/openmpi/4.1.2-numa-ucx-1.10.1--gcc-8.2.0/lib' '-L/mnt/iusers01/fatpou01/sees01/a16404ys/privatemodules_packages/csf3/apps/gcc/zlib/1.2.12/lib' '-L/mnt/iusers01/fatpou01/sees01/a16404ys/privatemodules_packages/csf3/apps/gcc/hdf5/1.12.3/lib' '-L/mnt/iusers01/fatpou01/sees01/a16404ys/privatemodules_packages/csf3/apps/gcc/pnetcdf/1.12.3/lib' '-L/mnt/iusers01/fatpou01/sees01/a16404ys/privatemodules_packages/csf3/apps/gcc/netcdf/4.9.2/lib' '-L/mnt/iusers01/fatpou01/sees01/a16404ys/privatemodules_packages/csf3/apps/gcc/netcdf-fortran/4.6.1/lib' '-v' '-fno-range-check' '-o' 'cmTC_2db69' '-I' '/opt/apps/mpi/gcc/openmpi/4.1.2-numa-ucx-1.10.1--gcc-8.2.0/include' '-pthread' '-I' '/opt/apps/mpi/gcc/openmpi/4.1.2-numa-ucx-1.10.1--gcc-8.2.0/lib' '-L/opt/apps/mpi/gcc/openmpi/4.1.2-numa-ucx-1.10.1--gcc-8.2.0/lib' '-shared-libgcc' '-mtune=generic' '-march=x86-64']
  ignore line: [COMPILER_PATH=/opt/gridware/depots/8e896c5a/el7/pkg/compilers/gcc/8.2.0/libexec/gcc/x86_64-pc-linux-gnu/8.2.0/:/opt/gridware/depots/8e896c5a/el7/pkg/compilers/gcc/8.2.0/libexec/gcc/x86_64-pc-linux-gnu/8.2.0/:/opt/gridware/depots/8e896c5a/el7/pkg/compilers/gcc/8.2.0/libexec/gcc/x86_64-pc-linux-gnu/:/opt/gridware/depots/8e896c5a/el7/pkg/compilers/gcc/8.2.0/lib/gcc/x86_64-pc-linux-gnu/8.2.0/:/opt/gridware/depots/8e896c5a/el7/pkg/compilers/gcc/8.2.0/lib/gcc/x86_64-pc-linux-gnu/]
  ignore line: [LIBRARY_PATH=/opt/gridware/depots/8e896c5a/el7/pkg/compilers/gcc/8.2.0/lib/gcc/x86_64-pc-linux-gnu/8.2.0/:/opt/gridware/depots/8e896c5a/el7/pkg/compilers/gcc/8.2.0/lib/gcc/x86_64-pc-linux-gnu/8.2.0/../../../../lib64/:/lib/../lib64/:/usr/lib/../lib64/:/mnt/iusers01/fatpou01/sees01/a16404ys/privatemodules_packages/csf3/apps/gcc/esmf/8.6/lib/:/mnt/iusers01/fatpou01/sees01/a16404ys/privatemodules_packages/csf3/apps/gcc/pio2/2.6.2/lib/:/mnt/iusers01/fatpou01/sees01/a16404ys/privatemodules_packages/csf3/apps/gcc/netcdf-fortran/4.6.1/lib/:/mnt/iusers01/fatpou01/sees01/a16404ys/privatemodules_packages/csf3/apps/gcc/netcdf/4.9.2/lib/:/mnt/iusers01/fatpou01/sees01/a16404ys/privatemodules_packages/csf3/apps/gcc/pnetcdf/1.12.3/lib/:/mnt/iusers01/fatpou01/sees01/a16404ys/privatemodules_packages/csf3/apps/gcc/hdf5/1.12.3/lib/:/mnt/iusers01/fatpou01/sees01/a16404ys/privatemodules_packages/csf3/apps/gcc/zlib/1.2.12/lib/:/opt/apps/libs/ucx/1.10.1/lib/:/opt/gridware/depots/8e896c5a/el7/pkg/compilers/gcc/8.2.0/lib/gcc/x86_64-pc-linux-gnu/8.2.0/../../../:/lib/:/usr/lib/]
  ignore line: [COLLECT_GCC_OPTIONS='-L/opt/gridware/depots/8e896c5a/el7/pkg/libs/lapack/3.5.0/gcc-4.8.5/lib' '-L/opt/gridware/depots/8e896c5a/el7/pkg/libs/blas/3.6.0/gcc-4.8.5' '-L/opt/gridware/depots/8e896c5a/el7/pkg/compilers/gcc/8.2.0/lib64' '-L/opt/gridware/depots/8e896c5a/el7/pkg/compilers/gcc/8.2.0/lib' '-L/opt/apps/mpi/gcc/openmpi/4.1.2-numa-ucx-1.10.1--gcc-8.2.0/lib' '-L/mnt/iusers01/fatpou01/sees01/a16404ys/privatemodules_packages/csf3/apps/gcc/zlib/1.2.12/lib' '-L/mnt/iusers01/fatpou01/sees01/a16404ys/privatemodules_packages/csf3/apps/gcc/hdf5/1.12.3/lib' '-L/mnt/iusers01/fatpou01/sees01/a16404ys/privatemodules_packages/csf3/apps/gcc/pnetcdf/1.12.3/lib' '-L/mnt/iusers01/fatpou01/sees01/a16404ys/privatemodules_packages/csf3/apps/gcc/netcdf/4.9.2/lib' '-L/mnt/iusers01/fatpou01/sees01/a16404ys/privatemodules_packages/csf3/apps/gcc/netcdf-fortran/4.6.1/lib' '-v' '-fno-range-check' '-o' 'cmTC_2db69' '-I' '/opt/apps/mpi/gcc/openmpi/4.1.2-numa-ucx-1.10.1--gcc-8.2.0/include' '-pthread' '-I' '/opt/apps/mpi/gcc/openmpi/4.1.2-numa-ucx-1.10.1--gcc-8.2.0/lib' '-L/opt/apps/mpi/gcc/openmpi/4.1.2-numa-ucx-1.10.1--gcc-8.2.0/lib' '-shared-libgcc' '-mtune=generic' '-march=x86-64']
  link line: [ /opt/gridware/depots/8e896c5a/el7/pkg/compilers/gcc/8.2.0/libexec/gcc/x86_64-pc-linux-gnu/8.2.0/collect2 -plugin /opt/gridware/depots/8e896c5a/el7/pkg/compilers/gcc/8.2.0/libexec/gcc/x86_64-pc-linux-gnu/8.2.0/liblto_plugin.so -plugin-opt=/opt/gridware/depots/8e896c5a/el7/pkg/compilers/gcc/8.2.0/libexec/gcc/x86_64-pc-linux-gnu/8.2.0/lto-wrapper -plugin-opt=-fresolution=/tmp/ccR8uPUI.res -plugin-opt=-pass-through=-lgcc_s -plugin-opt=-pass-through=-lgcc -plugin-opt=-pass-through=-lquadmath -plugin-opt=-pass-through=-lm -plugin-opt=-pass-through=-lgcc_s -plugin-opt=-pass-through=-lgcc -plugin-opt=-pass-through=-lpthread -plugin-opt=-pass-through=-lc -plugin-opt=-pass-through=-lgcc_s -plugin-opt=-pass-through=-lgcc --eh-frame-hdr -m elf_x86_64 -dynamic-linker /lib64/ld-linux-x86-64.so.2 -o cmTC_2db69 /lib/../lib64/crt1.o /lib/../lib64/crti.o /opt/gridware/depots/8e896c5a/el7/pkg/compilers/gcc/8.2.0/lib/gcc/x86_64-pc-linux-gnu/8.2.0/crtbegin.o -L/opt/gridware/depots/8e896c5a/el7/pkg/libs/lapack/3.5.0/gcc-4.8.5/lib -L/opt/gridware/depots/8e896c5a/el7/pkg/libs/blas/3.6.0/gcc-4.8.5 -L/opt/gridware/depots/8e896c5a/el7/pkg/compilers/gcc/8.2.0/lib64 -L/opt/gridware/depots/8e896c5a/el7/pkg/compilers/gcc/8.2.0/lib -L/opt/apps/mpi/gcc/openmpi/4.1.2-numa-ucx-1.10.1--gcc-8.2.0/lib -L/mnt/iusers01/fatpou01/sees01/a16404ys/privatemodules_packages/csf3/apps/gcc/zlib/1.2.12/lib -L/mnt/iusers01/fatpou01/sees01/a16404ys/privatemodules_packages/csf3/apps/gcc/hdf5/1.12.3/lib -L/mnt/iusers01/fatpou01/sees01/a16404ys/privatemodules_packages/csf3/apps/gcc/pnetcdf/1.12.3/lib -L/mnt/iusers01/fatpou01/sees01/a16404ys/privatemodules_packages/csf3/apps/gcc/netcdf/4.9.2/lib -L/mnt/iusers01/fatpou01/sees01/a16404ys/privatemodules_packages/csf3/apps/gcc/netcdf-fortran/4.6.1/lib -L/opt/apps/mpi/gcc/openmpi/4.1.2-numa-ucx-1.10.1--gcc-8.2.0/lib -L/opt/gridware/depots/8e896c5a/el7/pkg/compilers/gcc/8.2.0/lib/gcc/x86_64-pc-linux-gnu/8.2.0 -L/opt/gridware/depots/8e896c5a/el7/pkg/compilers/gcc/8.2.0/lib/gcc/x86_64-pc-linux-gnu/8.2.0/../../../../lib64 -L/lib/../lib64 -L/usr/lib/../lib64 -L/mnt/iusers01/fatpou01/sees01/a16404ys/privatemodules_packages/csf3/apps/gcc/esmf/8.6/lib -L/mnt/iusers01/fatpou01/sees01/a16404ys/privatemodules_packages/csf3/apps/gcc/pio2/2.6.2/lib -L/mnt/iusers01/fatpou01/sees01/a16404ys/privatemodules_packages/csf3/apps/gcc/netcdf-fortran/4.6.1/lib -L/mnt/iusers01/fatpou01/sees01/a16404ys/privatemodules_packages/csf3/apps/gcc/netcdf/4.9.2/lib -L/mnt/iusers01/fatpou01/sees01/a16404ys/privatemodules_packages/csf3/apps/gcc/pnetcdf/1.12.3/lib -L/mnt/iusers01/fatpou01/sees01/a16404ys/privatemodules_packages/csf3/apps/gcc/hdf5/1.12.3/lib -L/mnt/iusers01/fatpou01/sees01/a16404ys/privatemodules_packages/csf3/apps/gcc/zlib/1.2.12/lib -L/opt/apps/libs/ucx/1.10.1/lib -L/opt/gridware/depots/8e896c5a/el7/pkg/compilers/gcc/8.2.0/lib/gcc/x86_64-pc-linux-gnu/8.2.0/../../.. CMakeFiles/cmTC_2db69.dir/CMakeFortranCompilerABI.F90.o -rpath /opt/apps/mpi/gcc/openmpi/4.1.2-numa-ucx-1.10.1--gcc-8.2.0/lib --enable-new-dtags -lmpi_usempif08 -lmpi_usempi_ignore_tkr -lmpi_mpifh -lmpi -lgfortran -lm -lgcc_s -lgcc -lquadmath -lm -lgcc_s -lgcc -lpthread -lc -lgcc_s -lgcc /opt/gridware/depots/8e896c5a/el7/pkg/compilers/gcc/8.2.0/lib/gcc/x86_64-pc-linux-gnu/8.2.0/crtend.o /lib/../lib64/crtn.o]
    arg [/opt/gridware/depots/8e896c5a/el7/pkg/compilers/gcc/8.2.0/libexec/gcc/x86_64-pc-linux-gnu/8.2.0/collect2] ==> ignore
    arg [-plugin] ==> ignore
    arg [/opt/gridware/depots/8e896c5a/el7/pkg/compilers/gcc/8.2.0/libexec/gcc/x86_64-pc-linux-gnu/8.2.0/liblto_plugin.so] ==> ignore
    arg [-plugin-opt=/opt/gridware/depots/8e896c5a/el7/pkg/compilers/gcc/8.2.0/libexec/gcc/x86_64-pc-linux-gnu/8.2.0/lto-wrapper] ==> ignore
    arg [-plugin-opt=-fresolution=/tmp/ccR8uPUI.res] ==> ignore
    arg [-plugin-opt=-pass-through=-lgcc_s] ==> ignore
    arg [-plugin-opt=-pass-through=-lgcc] ==> ignore
    arg [-plugin-opt=-pass-through=-lquadmath] ==> ignore
    arg [-plugin-opt=-pass-through=-lm] ==> ignore
    arg [-plugin-opt=-pass-through=-lgcc_s] ==> ignore
    arg [-plugin-opt=-pass-through=-lgcc] ==> ignore
    arg [-plugin-opt=-pass-through=-lpthread] ==> ignore
    arg [-plugin-opt=-pass-through=-lc] ==> ignore
    arg [-plugin-opt=-pass-through=-lgcc_s] ==> ignore
    arg [-plugin-opt=-pass-through=-lgcc] ==> ignore
    arg [--eh-frame-hdr] ==> ignore
    arg [-m] ==> ignore
    arg [elf_x86_64] ==> ignore
    arg [-dynamic-linker] ==> ignore
    arg [/lib64/ld-linux-x86-64.so.2] ==> ignore
    arg [-o] ==> ignore
    arg [cmTC_2db69] ==> ignore
    arg [/lib/../lib64/crt1.o] ==> obj [/lib/../lib64/crt1.o]
    arg [/lib/../lib64/crti.o] ==> obj [/lib/../lib64/crti.o]
    arg [/opt/gridware/depots/8e896c5a/el7/pkg/compilers/gcc/8.2.0/lib/gcc/x86_64-pc-linux-gnu/8.2.0/crtbegin.o] ==> obj [/opt/gridware/depots/8e896c5a/el7/pkg/compilers/gcc/8.2.0/lib/gcc/x86_64-pc-linux-gnu/8.2.0/crtbegin.o]
    arg [-L/opt/gridware/depots/8e896c5a/el7/pkg/libs/lapack/3.5.0/gcc-4.8.5/lib] ==> dir [/opt/gridware/depots/8e896c5a/el7/pkg/libs/lapack/3.5.0/gcc-4.8.5/lib]
    arg [-L/opt/gridware/depots/8e896c5a/el7/pkg/libs/blas/3.6.0/gcc-4.8.5] ==> dir [/opt/gridware/depots/8e896c5a/el7/pkg/libs/blas/3.6.0/gcc-4.8.5]
    arg [-L/opt/gridware/depots/8e896c5a/el7/pkg/compilers/gcc/8.2.0/lib64] ==> dir [/opt/gridware/depots/8e896c5a/el7/pkg/compilers/gcc/8.2.0/lib64]
    arg [-L/opt/gridware/depots/8e896c5a/el7/pkg/compilers/gcc/8.2.0/lib] ==> dir [/opt/gridware/depots/8e896c5a/el7/pkg/compilers/gcc/8.2.0/lib]
    arg [-L/opt/apps/mpi/gcc/openmpi/4.1.2-numa-ucx-1.10.1--gcc-8.2.0/lib] ==> dir [/opt/apps/mpi/gcc/openmpi/4.1.2-numa-ucx-1.10.1--gcc-8.2.0/lib]
    arg [-L/mnt/iusers01/fatpou01/sees01/a16404ys/privatemodules_packages/csf3/apps/gcc/zlib/1.2.12/lib] ==> dir [/mnt/iusers01/fatpou01/sees01/a16404ys/privatemodules_packages/csf3/apps/gcc/zlib/1.2.12/lib]
    arg [-L/mnt/iusers01/fatpou01/sees01/a16404ys/privatemodules_packages/csf3/apps/gcc/hdf5/1.12.3/lib] ==> dir [/mnt/iusers01/fatpou01/sees01/a16404ys/privatemodules_packages/csf3/apps/gcc/hdf5/1.12.3/lib]
    arg [-L/mnt/iusers01/fatpou01/sees01/a16404ys/privatemodules_packages/csf3/apps/gcc/pnetcdf/1.12.3/lib] ==> dir [/mnt/iusers01/fatpou01/sees01/a16404ys/privatemodules_packages/csf3/apps/gcc/pnetcdf/1.12.3/lib]
    arg [-L/mnt/iusers01/fatpou01/sees01/a16404ys/privatemodules_packages/csf3/apps/gcc/netcdf/4.9.2/lib] ==> dir [/mnt/iusers01/fatpou01/sees01/a16404ys/privatemodules_packages/csf3/apps/gcc/netcdf/4.9.2/lib]
    arg [-L/mnt/iusers01/fatpou01/sees01/a16404ys/privatemodules_packages/csf3/apps/gcc/netcdf-fortran/4.6.1/lib] ==> dir [/mnt/iusers01/fatpou01/sees01/a16404ys/privatemodules_packages/csf3/apps/gcc/netcdf-fortran/4.6.1/lib]
    arg [-L/opt/apps/mpi/gcc/openmpi/4.1.2-numa-ucx-1.10.1--gcc-8.2.0/lib] ==> dir [/opt/apps/mpi/gcc/openmpi/4.1.2-numa-ucx-1.10.1--gcc-8.2.0/lib]
    arg [-L/opt/gridware/depots/8e896c5a/el7/pkg/compilers/gcc/8.2.0/lib/gcc/x86_64-pc-linux-gnu/8.2.0] ==> dir [/opt/gridware/depots/8e896c5a/el7/pkg/compilers/gcc/8.2.0/lib/gcc/x86_64-pc-linux-gnu/8.2.0]
    arg [-L/opt/gridware/depots/8e896c5a/el7/pkg/compilers/gcc/8.2.0/lib/gcc/x86_64-pc-linux-gnu/8.2.0/../../../../lib64] ==> dir [/opt/gridware/depots/8e896c5a/el7/pkg/compilers/gcc/8.2.0/lib/gcc/x86_64-pc-linux-gnu/8.2.0/../../../../lib64]
    arg [-L/lib/../lib64] ==> dir [/lib/../lib64]
    arg [-L/usr/lib/../lib64] ==> dir [/usr/lib/../lib64]
    arg [-L/mnt/iusers01/fatpou01/sees01/a16404ys/privatemodules_packages/csf3/apps/gcc/esmf/8.6/lib] ==> dir [/mnt/iusers01/fatpou01/sees01/a16404ys/privatemodules_packages/csf3/apps/gcc/esmf/8.6/lib]
    arg [-L/mnt/iusers01/fatpou01/sees01/a16404ys/privatemodules_packages/csf3/apps/gcc/pio2/2.6.2/lib] ==> dir [/mnt/iusers01/fatpou01/sees01/a16404ys/privatemodules_packages/csf3/apps/gcc/pio2/2.6.2/lib]
    arg [-L/mnt/iusers01/fatpou01/sees01/a16404ys/privatemodules_packages/csf3/apps/gcc/netcdf-fortran/4.6.1/lib] ==> dir [/mnt/iusers01/fatpou01/sees01/a16404ys/privatemodules_packages/csf3/apps/gcc/netcdf-fortran/4.6.1/lib]
    arg [-L/mnt/iusers01/fatpou01/sees01/a16404ys/privatemodules_packages/csf3/apps/gcc/netcdf/4.9.2/lib] ==> dir [/mnt/iusers01/fatpou01/sees01/a16404ys/privatemodules_packages/csf3/apps/gcc/netcdf/4.9.2/lib]
    arg [-L/mnt/iusers01/fatpou01/sees01/a16404ys/privatemodules_packages/csf3/apps/gcc/pnetcdf/1.12.3/lib] ==> dir [/mnt/iusers01/fatpou01/sees01/a16404ys/privatemodules_packages/csf3/apps/gcc/pnetcdf/1.12.3/lib]
    arg [-L/mnt/iusers01/fatpou01/sees01/a16404ys/privatemodules_packages/csf3/apps/gcc/hdf5/1.12.3/lib] ==> dir [/mnt/iusers01/fatpou01/sees01/a16404ys/privatemodules_packages/csf3/apps/gcc/hdf5/1.12.3/lib]
    arg [-L/mnt/iusers01/fatpou01/sees01/a16404ys/privatemodules_packages/csf3/apps/gcc/zlib/1.2.12/lib] ==> dir [/mnt/iusers01/fatpou01/sees01/a16404ys/privatemodules_packages/csf3/apps/gcc/zlib/1.2.12/lib]
    arg [-L/opt/apps/libs/ucx/1.10.1/lib] ==> dir [/opt/apps/libs/ucx/1.10.1/lib]
    arg [-L/opt/gridware/depots/8e896c5a/el7/pkg/compilers/gcc/8.2.0/lib/gcc/x86_64-pc-linux-gnu/8.2.0/../../..] ==> dir [/opt/gridware/depots/8e896c5a/el7/pkg/compilers/gcc/8.2.0/lib/gcc/x86_64-pc-linux-gnu/8.2.0/../../..]
    arg [CMakeFiles/cmTC_2db69.dir/CMakeFortranCompilerABI.F90.o] ==> ignore
    arg [-rpath] ==> ignore
    arg [/opt/apps/mpi/gcc/openmpi/4.1.2-numa-ucx-1.10.1--gcc-8.2.0/lib] ==> ignore
    arg [--enable-new-dtags] ==> ignore
    arg [-lmpi_usempif08] ==> lib [mpi_usempif08]
    arg [-lmpi_usempi_ignore_tkr] ==> lib [mpi_usempi_ignore_tkr]
    arg [-lmpi_mpifh] ==> lib [mpi_mpifh]
    arg [-lmpi] ==> lib [mpi]
    arg [-lgfortran] ==> lib [gfortran]
    arg [-lm] ==> lib [m]
    arg [-lgcc_s] ==> lib [gcc_s]
    arg [-lgcc] ==> lib [gcc]
    arg [-lquadmath] ==> lib [quadmath]
    arg [-lm] ==> lib [m]
    arg [-lgcc_s] ==> lib [gcc_s]
    arg [-lgcc] ==> lib [gcc]
    arg [-lpthread] ==> lib [pthread]
    arg [-lc] ==> lib [c]
    arg [-lgcc_s] ==> lib [gcc_s]
    arg [-lgcc] ==> lib [gcc]
    arg [/opt/gridware/depots/8e896c5a/el7/pkg/compilers/gcc/8.2.0/lib/gcc/x86_64-pc-linux-gnu/8.2.0/crtend.o] ==> obj [/opt/gridware/depots/8e896c5a/el7/pkg/compilers/gcc/8.2.0/lib/gcc/x86_64-pc-linux-gnu/8.2.0/crtend.o]
    arg [/lib/../lib64/crtn.o] ==> obj [/lib/../lib64/crtn.o]
  collapse obj [/lib/../lib64/crt1.o] ==> [/lib64/crt1.o]
  collapse obj [/lib/../lib64/crti.o] ==> [/lib64/crti.o]
  collapse obj [/lib/../lib64/crtn.o] ==> [/lib64/crtn.o]
  collapse library dir [/opt/gridware/depots/8e896c5a/el7/pkg/libs/lapack/3.5.0/gcc-4.8.5/lib] ==> [/opt/gridware/depots/8e896c5a/el7/pkg/libs/lapack/3.5.0/gcc-4.8.5/lib]
  collapse library dir [/opt/gridware/depots/8e896c5a/el7/pkg/libs/blas/3.6.0/gcc-4.8.5] ==> [/opt/gridware/depots/8e896c5a/el7/pkg/libs/blas/3.6.0/gcc-4.8.5]
  collapse library dir [/opt/gridware/depots/8e896c5a/el7/pkg/compilers/gcc/8.2.0/lib64] ==> [/opt/gridware/depots/8e896c5a/el7/pkg/compilers/gcc/8.2.0/lib64]
  collapse library dir [/opt/gridware/depots/8e896c5a/el7/pkg/compilers/gcc/8.2.0/lib] ==> [/opt/gridware/depots/8e896c5a/el7/pkg/compilers/gcc/8.2.0/lib]
  collapse library dir [/opt/apps/mpi/gcc/openmpi/4.1.2-numa-ucx-1.10.1--gcc-8.2.0/lib] ==> [/opt/apps/mpi/gcc/openmpi/4.1.2-numa-ucx-1.10.1--gcc-8.2.0/lib]
  collapse library dir [/mnt/iusers01/fatpou01/sees01/a16404ys/privatemodules_packages/csf3/apps/gcc/zlib/1.2.12/lib] ==> [/mnt/iusers01/fatpou01/sees01/a16404ys/privatemodules_packages/csf3/apps/gcc/zlib/1.2.12/lib]
  collapse library dir [/mnt/iusers01/fatpou01/sees01/a16404ys/privatemodules_packages/csf3/apps/gcc/hdf5/1.12.3/lib] ==> [/mnt/iusers01/fatpou01/sees01/a16404ys/privatemodules_packages/csf3/apps/gcc/hdf5/1.12.3/lib]
  collapse library dir [/mnt/iusers01/fatpou01/sees01/a16404ys/privatemodules_packages/csf3/apps/gcc/pnetcdf/1.12.3/lib] ==> [/mnt/iusers01/fatpou01/sees01/a16404ys/privatemodules_packages/csf3/apps/gcc/pnetcdf/1.12.3/lib]
  collapse library dir [/mnt/iusers01/fatpou01/sees01/a16404ys/privatemodules_packages/csf3/apps/gcc/netcdf/4.9.2/lib] ==> [/mnt/iusers01/fatpou01/sees01/a16404ys/privatemodules_packages/csf3/apps/gcc/netcdf/4.9.2/lib]
  collapse library dir [/mnt/iusers01/fatpou01/sees01/a16404ys/privatemodules_packages/csf3/apps/gcc/netcdf-fortran/4.6.1/lib] ==> [/mnt/iusers01/fatpou01/sees01/a16404ys/privatemodules_packages/csf3/apps/gcc/netcdf-fortran/4.6.1/lib]
  collapse library dir [/opt/apps/mpi/gcc/openmpi/4.1.2-numa-ucx-1.10.1--gcc-8.2.0/lib] ==> [/opt/apps/mpi/gcc/openmpi/4.1.2-numa-ucx-1.10.1--gcc-8.2.0/lib]
  collapse library dir [/opt/gridware/depots/8e896c5a/el7/pkg/compilers/gcc/8.2.0/lib/gcc/x86_64-pc-linux-gnu/8.2.0] ==> [/opt/gridware/depots/8e896c5a/el7/pkg/compilers/gcc/8.2.0/lib/gcc/x86_64-pc-linux-gnu/8.2.0]
  collapse library dir [/opt/gridware/depots/8e896c5a/el7/pkg/compilers/gcc/8.2.0/lib/gcc/x86_64-pc-linux-gnu/8.2.0/../../../../lib64] ==> [/opt/gridware/depots/8e896c5a/el7/pkg/compilers/gcc/8.2.0/lib64]
  collapse library dir [/lib/../lib64] ==> [/lib64]
  collapse library dir [/usr/lib/../lib64] ==> [/usr/lib64]
  collapse library dir [/mnt/iusers01/fatpou01/sees01/a16404ys/privatemodules_packages/csf3/apps/gcc/esmf/8.6/lib] ==> [/mnt/iusers01/fatpou01/sees01/a16404ys/privatemodules_packages/csf3/apps/gcc/esmf/8.6/lib]
  collapse library dir [/mnt/iusers01/fatpou01/sees01/a16404ys/privatemodules_packages/csf3/apps/gcc/pio2/2.6.2/lib] ==> [/mnt/iusers01/fatpou01/sees01/a16404ys/privatemodules_packages/csf3/apps/gcc/pio2/2.6.2/lib]
  collapse library dir [/mnt/iusers01/fatpou01/sees01/a16404ys/privatemodules_packages/csf3/apps/gcc/netcdf-fortran/4.6.1/lib] ==> [/mnt/iusers01/fatpou01/sees01/a16404ys/privatemodules_packages/csf3/apps/gcc/netcdf-fortran/4.6.1/lib]
  collapse library dir [/mnt/iusers01/fatpou01/sees01/a16404ys/privatemodules_packages/csf3/apps/gcc/netcdf/4.9.2/lib] ==> [/mnt/iusers01/fatpou01/sees01/a16404ys/privatemodules_packages/csf3/apps/gcc/netcdf/4.9.2/lib]
  collapse library dir [/mnt/iusers01/fatpou01/sees01/a16404ys/privatemodules_packages/csf3/apps/gcc/pnetcdf/1.12.3/lib] ==> [/mnt/iusers01/fatpou01/sees01/a16404ys/privatemodules_packages/csf3/apps/gcc/pnetcdf/1.12.3/lib]
  collapse library dir [/mnt/iusers01/fatpou01/sees01/a16404ys/privatemodules_packages/csf3/apps/gcc/hdf5/1.12.3/lib] ==> [/mnt/iusers01/fatpou01/sees01/a16404ys/privatemodules_packages/csf3/apps/gcc/hdf5/1.12.3/lib]
  collapse library dir [/mnt/iusers01/fatpou01/sees01/a16404ys/privatemodules_packages/csf3/apps/gcc/zlib/1.2.12/lib] ==> [/mnt/iusers01/fatpou01/sees01/a16404ys/privatemodules_packages/csf3/apps/gcc/zlib/1.2.12/lib]
  collapse library dir [/opt/apps/libs/ucx/1.10.1/lib] ==> [/opt/apps/libs/ucx/1.10.1/lib]
  collapse library dir [/opt/gridware/depots/8e896c5a/el7/pkg/compilers/gcc/8.2.0/lib/gcc/x86_64-pc-linux-gnu/8.2.0/../../..] ==> [/opt/gridware/depots/8e896c5a/el7/pkg/compilers/gcc/8.2.0/lib]
  implicit libs: [mpi_usempif08;mpi_usempi_ignore_tkr;mpi_mpifh;mpi;gfortran;m;gcc_s;gcc;quadmath;m;gcc_s;gcc;pthread;c;gcc_s;gcc]
  implicit objs: [/lib64/crt1.o;/lib64/crti.o;/opt/gridware/depots/8e896c5a/el7/pkg/compilers/gcc/8.2.0/lib/gcc/x86_64-pc-linux-gnu/8.2.0/crtbegin.o;/opt/gridware/depots/8e896c5a/el7/pkg/compilers/gcc/8.2.0/lib/gcc/x86_64-pc-linux-gnu/8.2.0/crtend.o;/lib64/crtn.o]
  implicit dirs: [/opt/gridware/depots/8e896c5a/el7/pkg/libs/lapack/3.5.0/gcc-4.8.5/lib;/opt/gridware/depots/8e896c5a/el7/pkg/libs/blas/3.6.0/gcc-4.8.5;/opt/gridware/depots/8e896c5a/el7/pkg/compilers/gcc/8.2.0/lib64;/opt/gridware/depots/8e896c5a/el7/pkg/compilers/gcc/8.2.0/lib;/opt/apps/mpi/gcc/openmpi/4.1.2-numa-ucx-1.10.1--gcc-8.2.0/lib;/mnt/iusers01/fatpou01/sees01/a16404ys/privatemodules_packages/csf3/apps/gcc/zlib/1.2.12/lib;/mnt/iusers01/fatpou01/sees01/a16404ys/privatemodules_packages/csf3/apps/gcc/hdf5/1.12.3/lib;/mnt/iusers01/fatpou01/sees01/a16404ys/privatemodules_packages/csf3/apps/gcc/pnetcdf/1.12.3/lib;/mnt/iusers01/fatpou01/sees01/a16404ys/privatemodules_packages/csf3/apps/gcc/netcdf/4.9.2/lib;/mnt/iusers01/fatpou01/sees01/a16404ys/privatemodules_packages/csf3/apps/gcc/netcdf-fortran/4.6.1/lib;/opt/gridware/depots/8e896c5a/el7/pkg/compilers/gcc/8.2.0/lib/gcc/x86_64-pc-linux-gnu/8.2.0;/lib64;/usr/lib64;/mnt/iusers01/fatpou01/sees01/a16404ys/privatemodules_packages/csf3/apps/gcc/esmf/8.6/lib;/mnt/iusers01/fatpou01/sees01/a16404ys/privatemodules_packages/csf3/apps/gcc/pio2/2.6.2/lib;/opt/apps/libs/ucx/1.10.1/lib]
  implicit fwks: []


